Mon Jun 12 02:00:01 2023 -> ClamAV update process started at Mon Jun 12 02:00:01 2023
Mon Jun 12 02:00:01 2023 -> ^Can't query current.cvd.clamav.net
Mon Jun 12 02:00:01 2023 -> Trying to retrieve CVD header from https://database.clamav.net/daily.cvd
Mon Jun 12 02:00:01 2023 -> ^remote_cvdhead: Download failed (6) Mon Jun 12 02:00:01 2023 -> ^ Message: Couldn't resolve host name
Mon Jun 12 02:00:01 2023 -> Trying again in 5 secs...
Mon Jun 12 02:00:06 2023 -> Trying to retrieve CVD header from https://database.clamav.net/daily.cvd
Mon Jun 12 02:00:06 2023 -> ^remote_cvdhead: Download failed (6) Mon Jun 12 02:00:06 2023 -> ^ Message: Couldn't resolve host name
Mon Jun 12 02:00:06 2023 -> Trying again in 5 secs...
Mon Jun 12 02:00:11 2023 -> Trying to retrieve CVD header from https://database.clamav.net/daily.cvd
Mon Jun 12 02:00:11 2023 -> ^remote_cvdhead: Download failed (6) Mon Jun 12 02:00:11 2023 -> ^ Message: Couldn't resolve host name
Mon Jun 12 02:00:11 2023 -> Trying again in 5 secs...
Mon Jun 12 02:00:16 2023 -> Trying to retrieve CVD header from https://database.clamav.net/daily.cvd
Mon Jun 12 02:00:16 2023 -> ^remote_cvdhead: Download failed (6) Mon Jun 12 02:00:16 2023 -> ^ Message: Couldn't resolve host name
Mon Jun 12 02:00:16 2023 -> Trying again in 5 secs...
Mon Jun 12 02:00:21 2023 -> Trying to retrieve CVD header from https://database.clamav.net/daily.cvd
Mon Jun 12 02:00:21 2023 -> !remote_cvdhead: Download failed (6) Mon Jun 12 02:00:21 2023 -> ! Message: Couldn't resolve host name
Mon Jun 12 02:00:21 2023 -> Giving up on https://database.clamav.net...
Mon Jun 12 02:00:21 2023 -> Trying to retrieve CVD header from https://database.clamav.net/daily.cvd
Mon Jun 12 02:00:21 2023 -> ^remote_cvdhead: Download failed (6) Mon Jun 12 02:00:21 2023 -> ^ Message: Couldn't resolve host name
Mon Jun 12 02:00:21 2023 -> Trying again in 5 secs...
Mon Jun 12 02:00:26 2023 -> Trying to retrieve CVD header from https://database.clamav.net/daily.cvd
Mon Jun 12 02:00:26 2023 -> ^remote_cvdhead: Download failed (6) Mon Jun 12 02:00:26 2023 -> ^ Message: Couldn't resolve host name
Mon Jun 12 02:00:26 2023 -> Trying again in 5 secs...
Mon Jun 12 02:00:31 2023 -> Trying to retrieve CVD header from https://database.clamav.net/daily.cvd
Mon Jun 12 02:00:31 2023 -> ^remote_cvdhead: Download failed (6) Mon Jun 12 02:00:31 2023 -> ^ Message: Couldn't resolve host name
Mon Jun 12 02:00:31 2023 -> Trying again in 5 secs...
Mon Jun 12 02:00:36 2023 -> Trying to retrieve CVD header from https://database.clamav.net/daily.cvd
Mon Jun 12 02:00:36 2023 -> ^remote_cvdhead: Download failed (6) Mon Jun 12 02:00:36 2023 -> ^ Message: Couldn't resolve host name
Mon Jun 12 02:00:36 2023 -> Trying again in 5 secs...
Mon Jun 12 02:00:41 2023 -> Trying to retrieve CVD header from https://database.clamav.net/daily.cvd
Mon Jun 12 02:00:41 2023 -> !remote_cvdhead: Download failed (6) Mon Jun 12 02:00:41 2023 -> ! Message: Couldn't resolve host name
Mon Jun 12 02:00:41 2023 -> Giving up on https://database.clamav.net...
