
Updating ble.sh(bash syntax highlighting. . .
cd into /home/msifland/Modules-Apps/ble.sh/ble.sh...
From https://github.com/akinomyoga/ble.sh
   0b95d5d..a22e145  master      -> origin/master
   fd3bd05..d97ca10  v0.2-master -> origin/v0.2-master
Updating 0b95d5d..a22e145
Fast-forward
 README-ja_JP.md   |  3 ++-
 README.md         |  3 ++-
 ble.pp            |  3 +++
 docs/ChangeLog.md | 17 ++++++++++-------
 lib/test-main.sh  |  1 +
 note.txt          | 41 +++++++++++++++++++++++++++++++++++++++++
 src/edit.sh       | 29 ++++++++++++++++++++++++-----
 7 files changed, 83 insertions(+), 14 deletions(-)
DEPENDENCIES_PHONY=1 DEPENDENCIES_OUTPUT=out/ble.dep DEPENDENCIES_TARGET=out/ble.sh FULLVER=0.4.0-devel3 \
  /usr/bin/gawk -f make/mwg_pp.awk ble.pp >/dev/null
bash make_command.sh install "out/ble.sh" "/home/msifland/.local/share/blesh/ble.sh"
cp -p lib/test-main.sh out/lib/test-main.sh
bash make_command.sh install "out/lib/test-main.sh" "/home/msifland/.local/share/blesh/lib/test-main.sh"
cp -p README.md out/doc/README.md
bash make_command.sh install "out/doc/README.md" "/home/msifland/.local/share/blesh/doc/README.md"
cp -p README-ja_JP.md out/doc/README-ja_JP.md
bash make_command.sh install "out/doc/README-ja_JP.md" "/home/msifland/.local/share/blesh/doc/README-ja_JP.md"
cp -p docs/ChangeLog.md out/doc/ChangeLog.md
bash make_command.sh install "out/doc/ChangeLog.md" "/home/msifland/.local/share/blesh/doc/ChangeLog.md"
