[H[2J[3J[1;38;5;163m           ###########    Updating your system now   ###########[0m
[1;38;5;179m
06-25-2021 03:25:49 PM
Updating Linux debian 5.12.10-msi #1 SMP Mon Jun 14 11:38:34 CDT 2021 x86_64 GNU/Linux[0m
[1;38;5;164mRunning as sudo. . .[0m
[sudo] password for msifland: 
[1;38;5;163mUpdating sources and checking for app updates. . .[0m

WARNING: apt does not have a stable CLI interface. Use with caution in scripts.

Hit:1 http://dl.google.com/linux/chrome/deb stable InRelease
Hit:2 http://repo.steampowered.com/steam precise InRelease
Get:3 http://deb.debian.org/debian testing InRelease [150 kB]
Hit:4 https://repo.skype.com/deb stable InRelease
Hit:5 http://security.debian.org stable/updates InRelease
Hit:6 http://repository.spotify.com stable InRelease
Hit:7 https://download.sublimetext.com apt/stable/ InRelease
Hit:8 http://downloads.metasploit.com/data/releases/metasploit-framework/apt lucid InRelease
Hit:9 https://dl.winehq.org/wine-builds/debian sid InRelease
Get:10 http://deb.debian.org/debian testing-updates InRelease [40.1 kB]
Hit:11 http://ppa.launchpad.net/openshot.developers/ppa/ubuntu bionic InRelease
Hit:12 http://www.deb-multimedia.org bullseye InRelease
Hit:13 http://repo.sinew.in stable InRelease
Get:14 http://download.opensuse.org/repositories/home:/strycore/Debian_10 ./ InRelease [1,497 B]
Hit:15 http://deb.debian.org/debian-security testing-security InRelease
Hit:16 http://ppa.launchpad.net/snwh/pulp/ubuntu bionic InRelease
Hit:17 http://deb.debian.org/debian stable InRelease
Get:18 https://mega.nz/linux/MEGAsync/Debian_10.0 ./ InRelease [2,461 B]
Get:19 http://deb.debian.org/debian stable-updates InRelease [51.9 kB]
Hit:20 http://ppa.launchpad.net/papirus/papirus/ubuntu bionic InRelease
Get:21 http://deb.debian.org/debian unstable InRelease [161 kB]
Err:14 http://download.opensuse.org/repositories/home:/strycore/Debian_10 ./ InRelease
  The following signatures were invalid: EXPKEYSIG 2F7F0DA5FD5B64B9 home:strycore OBS Project <home:strycore@build.opensuse.org>
Get:22 http://deb.debian.org/debian unstable/main Sources.diff/Index [63.6 kB]
Get:23 http://deb.debian.org/debian unstable/main amd64 Packages.diff/Index [63.6 kB]
Get:24 http://deb.debian.org/debian unstable/main i386 Packages.diff/Index [63.6 kB]
Get:25 http://deb.debian.org/debian unstable/main Sources T-2021-06-25-2001.32-F-2021-06-25-2001.32.pdiff [1,016 B]
Get:25 http://deb.debian.org/debian unstable/main Sources T-2021-06-25-2001.32-F-2021-06-25-2001.32.pdiff [1,016 B]
Get:26 http://deb.debian.org/debian unstable/main amd64 Packages T-2021-06-25-2001.32-F-2021-06-25-2001.32.pdiff [496 B]
Get:26 http://deb.debian.org/debian unstable/main amd64 Packages T-2021-06-25-2001.32-F-2021-06-25-2001.32.pdiff [496 B]
Get:27 http://deb.debian.org/debian unstable/main i386 Packages T-2021-06-25-2001.32-F-2021-06-25-2001.32.pdiff [495 B]
Get:27 http://deb.debian.org/debian unstable/main i386 Packages T-2021-06-25-2001.32-F-2021-06-25-2001.32.pdiff [495 B]
Get:28 http://deb.debian.org/debian unstable/main amd64 DEP-11 Metadata [4,240 kB]
Get:29 http://deb.debian.org/debian unstable/main DEP-11 64x64 Icons [7,561 kB]
Reading package lists...
W: GPG error: http://download.opensuse.org/repositories/home:/strycore/Debian_10 ./ InRelease: The following signatures were invalid: EXPKEYSIG 2F7F0DA5FD5B64B9 home:strycore OBS Project <home:strycore@build.opensuse.org>
E: The repository 'http://download.opensuse.org/repositories/home:/strycore/Debian_10 ./ InRelease' is not signed.

[1;38;5;163mChecking for system upgrade. . .[0m

WARNING: apt does not have a stable CLI interface. Use with caution in scripts.

Reading package lists...
Building dependency tree...
Reading state information...
Calculating upgrade...
0 upgraded, 0 newly installed, 0 to remove and 0 not upgraded.

WARNING: apt does not have a stable CLI interface. Use with caution in scripts.

Reading package lists...
Building dependency tree...
Reading state information...
Calculating upgrade...
0 upgraded, 0 newly installed, 0 to remove and 0 not upgraded.

[1;38;5;163mCleaning up system. . .[0m

WARNING: apt does not have a stable CLI interface. Use with caution in scripts.

Reading package lists...
Building dependency tree...
Reading state information...
0 upgraded, 0 newly installed, 0 to remove and 0 not upgraded.

WARNING: apt does not have a stable CLI interface. Use with caution in scripts.


WARNING: apt does not have a stable CLI interface. Use with caution in scripts.

Reading package lists...
Building dependency tree...
Reading state information...

WARNING: apt does not have a stable CLI interface. Use with caution in scripts.

Reading package lists...
Building dependency tree...
Reading state information...
0 upgraded, 0 newly installed, 0 to remove and 0 not upgraded.

[1;38;5;179mBacking up important files and apps. . .[0m
[1;38;5;163mCreating list of apps, and copying repos from /etc/apt. . .[0m

[1;38;5;163mBacking up important config files. . .[0m
Backup up .bashrc
Backup up .bash_profile
Backup up .blerc
Backup up .conkyrc
Backup up .conkyrc.bak
Backup up .xprofile
Backup up .Xresources

[1;38;5;163mBacking up crontab. . .[0m

[1;38;5;163mBacking up /etc/fstab for reference because of multi-partitions. . .[0m


[1;38;5;179mUpdating local git repos. . .[0m
[1;38;5;179mWe will now update your personal git directories consisting of Documents, scripts, etc. . .[0m
[1;38;5;163mUpdating Projects. . .[0m
On branch master
Your branch is up to date with 'origin/master'.

nothing to commit, working tree clean
Everything up-to-date
Branch 'master' set up to track remote branch 'master' from 'origin'.

[1;38;5;163mUpdating Documents. . .[0m
On branch master
Your branch is up to date with 'origin/master'.

nothing to commit, working tree clean
Everything up-to-date
Branch 'master' set up to track remote branch 'master' from 'origin'.

[1;38;5;163mUpdating scripts. . .[0m
