
Downloading latest version of mkgmap-splitter. . .
--2022-06-02 01:01:03--  https://www.mkgmap.org.uk/download/splitter-r651.zip
Resolving www.mkgmap.org.uk (www.mkgmap.org.uk)... 2001:41c8:51:452:feff:ff:fe00:35d3, 213.138.109.82
Connecting to www.mkgmap.org.uk (www.mkgmap.org.uk)|2001:41c8:51:452:feff:ff:fe00:35d3|:443... connected.
HTTP request sent, awaiting response... 200 OK
Length: 1580245 (1.5M) [application/zip]
Saving to: ‘splitter-r651.zip’

     0K .......... .......... .......... .......... ..........  3%  244K 6s
    50K .......... .......... .......... .......... ..........  6%  243K 6s
   100K .......... .......... .......... .......... ..........  9%  112M 4s
   150K .......... .......... .......... .......... .......... 12%  239K 4s
   200K .......... .......... .......... .......... .......... 16%  149M 3s
   250K .......... .......... .......... .......... .......... 19%  155M 3s
   300K .......... .......... .......... .......... .......... 22% 19.2M 2s
   350K .......... .......... .......... .......... .......... 25%  251K 2s
   400K .......... .......... .......... .......... .......... 29%  152M 2s
   450K .......... .......... .......... .......... .......... 32%  156M 2s
   500K .......... .......... .......... .......... .......... 35% 26.3M 1s
   550K .......... .......... .......... .......... .......... 38%  141M 1s
   600K .......... .......... .......... .......... .......... 42%  158M 1s
   650K .......... .......... .......... .......... .......... 45% 48.0M 1s
   700K .......... .......... .......... .......... .......... 48%  252K 1s
   750K .......... .......... .......... .......... .......... 51%  126M 1s
   800K .......... .......... .......... .......... .......... 55%  160M 1s
   850K .......... .......... .......... .......... .......... 58% 24.0M 1s
   900K .......... .......... .......... .......... .......... 61%  159M 1s
   950K .......... .......... .......... .......... .......... 64%  144M 1s
  1000K .......... .......... .......... .......... .......... 68% 14.5M 0s
  1050K .......... .......... .......... .......... .......... 71%  156M 0s
  1100K .......... .......... .......... .......... .......... 74%  160M 0s
  1150K .......... .......... .......... .......... .......... 77% 18.1M 0s
  1200K .......... .......... .......... .......... .......... 81%  161M 0s
  1250K .......... .......... .......... .......... .......... 84% 20.7M 0s
  1300K .......... .......... .......... .......... .......... 87%  149M 0s
  1350K .......... .......... .......... .......... .......... 90%  143M 0s
  1400K .......... .......... .......... .......... .......... 93% 69.0M 0s
  1450K .......... .......... .......... .......... .......... 97%  263K 0s
  1500K .......... .......... .......... .......... ...       100%  150M=1.2s

2022-06-02 01:01:05 (1.23 MB/s) - ‘splitter-r651.zip’ saved [1580245/1580245]


7-Zip [64] 16.02 : Copyright (c) 1999-2016 Igor Pavlov : 2016-05-21
p7zip Version 16.02 (locale=en_US.UTF-8,Utf16=on,HugeFiles=on,64 bits,8 CPUs Intel(R) Core(TM) i7-4810MQ CPU @ 2.80GHz (306C3),ASM,AES-NI)

Scanning the drive for archives:
1 file, 1580245 bytes (1544 KiB)

Extracting archive: splitter-r651.zip
--
Path = splitter-r651.zip
Type = zip
Physical Size = 1580245

Everything is Ok

Folders: 4
Files: 11
Size:       1760389
Compressed: 1580245
