[sudo] password for msifland: 

03-25-2026 01:30:02 AM

[1;38;5;128mRemove old backups first. . .[0m
ls /home/msifland/Dropbox/Linux/Backups/* -t | sed -e '1,5d' | xargs -d '\n' rm -f
/home/msifland/Dropbox/Linux/Backups/msifland-01-21-2026.tar.gz

[1;38;5;128mBacking up:[0m
/home/msifland/Brother_Printer
/home/msifland/Documents
/home/msifland/Dropbox
/home/msifland/GrubThemes
/home/msifland/maps
/home/msifland/Modules-Apps
/home/msifland/pkg_bkups
/home/msifland/Projects
/home/msifland/scripts
/home/msifland/Templates
/home/msifland/Wallpapers
/home/msifland/usb_pkg_bkups
/home/msifland/.anydesk
/home/msifland/.blerc
/home/msifland/.cache
/home/msifland/.config
/home/msifland/.icons
/home/msifland/.local
/home/msifland/.profile
/home/msifland/.ssh
/home/msifland/.themes
/home/msifland/.xprofile
/home/msifland/.Xresources
/home/msifland/.bash*
/home/msifland/.conky*
/home/msifland/.git*
/home/msifland/.repo*
/usr/share/mate*
[1;38;5;128mTo /home/msifland/Dropbox/Linux/Backups/msifland-03-25-2026.tar.gz


Excluding:[0m
/home/msifland/.cache/chromium
/home/msifland/.cache/chrome-remote-desktop
/home/msifland/.cache/mozilla
/home/msifland/.cache/tracker
/home/msifland/.cache/wine*
/home/msifland/.cache/google-chrome
/home/msifland/.cache/at-spi*
/home/msifland/maps/*.img
/home/msifland/maps/*.old
/home/msifland/maps/combine
/home/msifland/maps/downloads
/home/msifland/maps/Garmin_Maps_Removed_From_Device
/home/msifland/mpas/tmp
/home/msifland/maps/completed_maps
/home/msifland/Modules-Apps/.git
/home/msifland/.config/chrome-remote-desktop
/home/msifland/.config/chromium
/home/msifland/.config/google-chrome
/home/msifland/.config/skypeforlinux
/home/msifland/.config/Code
/home/msifland/.config/variety/variety.log
/home/msifland/.local/share/applications
/home/msifland/.local/share/baloo
/home/msifland/.local/share/akonadi
/home/msifland/.local/share/lutris
/home/msifland/.local/share/Steam
/home/msifland/.local/share/Trash
/home/msifland/.local/share/data
/home/msifland/Dropbox

[1;38;5;128mBacking up now. . .[0m
tar: Removing leading `/' from member names
tar: Removing leading `/' from hard link targets
tar: /home/msifland/.anydesk: Cannot stat: No such file or directory
tar: /home/msifland/.blerc: Cannot stat: No such file or directory
tar: /home/msifland/.icons: Cannot stat: No such file or directory
tar: /home/msifland/.ssh/agent/s.x5Hv5QEBdS.agent.oe7ayBEBRs: socket ignored
tar: /home/msifland/.themes: Cannot stat: No such file or directory
tar: /home/msifland/.xprofile: Cannot stat: No such file or directory
tar: /home/msifland/.repo*: Cannot stat: No such file or directory
tar: Exiting with failure status due to previous errors
[1;38;5;128mBackup finished

Making sure ownership is correct. . .[0m

Changing ownership of /home/msifland/Dropbox/Linux/Backups/msifland-03-25-2026.tar.gz from root:root to msifland:msifland. . .
sudo chown msifland:msifland /home/msifland/Dropbox/Linux/Backups/msifland-03-25-2026.tar.gz
[1;38;5;128mShowing files in /home/msifland/Dropbox/Linux/Backups/ . . .[0m
total 5.8G
-rw-r--r-- 1 msifland msifland 1.2G Jan 28 01:32 msifland-01-28-2026.tar.gz
-rw-r--r-- 1 msifland msifland 1.2G Feb 11 01:32 msifland-02-11-2026.tar.gz
-rw-r--r-- 1 msifland msifland 1.1G Feb 18 01:32 msifland-02-18-2026.tar.gz
-rw-r--r-- 1 msifland msifland 1.2G Mar 18 01:33 msifland-03-18-2026.tar.gz
-rw-r--r-- 1 msifland msifland 1.2G Mar 25 01:32 msifland-03-25-2026.tar.gz
-rw-r--r-- 1 msifland msifland 2.4K Mar 25 01:32 my_backup_log.txt

[1;38;5;128mYou can edit files and folders to backup and exclude in /home/msifland/scripts/my_backup or by typing edit-my-backup.[0m

03-25-2026 01:32:59 AM
[1;38;5;128mIt took 2 minutes 57 seconds to run whole process.[0m

