[sudo] password for msifland: [1;38;5;255m-----> Currently running 1.4.6

Newest version is listed in this file: 1.4.8

Downloading new rustdesk file. . .
--2026-07-01 03:15:07--  https://github.com/rustdesk/rustdesk/releases/download/1.4.8/rustdesk-1.4.8-x86_64.deb
Resolving github.com (github.com)... 140.82.113.3
Connecting to github.com (github.com)|140.82.113.3|:443... connected.
HTTP request sent, awaiting response... 302 Found
Location: https://release-assets.githubusercontent.com/github-production-release-asset/299354207/9f93fd79-a93b-478c-8a5c-31d1ca1bd8cb?sp=r&sv=2018-11-09&sr=b&spr=https&se=2026-07-01T09%3A08%3A01Z&rscd=attachment%3B+filename%3Drustdesk-1.4.8-x86_64.deb&rsct=application%2Foctet-stream&skoid=96c2d410-5711-43a1-aedd-ab1947aa7ab0&sktid=398a6654-997b-47e9-b12b-9515b896b4de&skt=2026-07-01T08%3A07%3A43Z&ske=2026-07-01T09%3A08%3A01Z&sks=b&skv=2018-11-09&sig=EtzrrU6bzi1CHbUWC3DL4jv2fi9ZjrCt3ga6hkprztk%3D&jwt=eyJ0eXAiOiJKV1QiLCJhbGciOiJIUzI1NiJ9.eyJpc3MiOiJnaXRodWIuY29tIiwiYXVkIjoicmVsZWFzZS1hc3NldHMuZ2l0aHVidXNlcmNvbnRlbnQuY29tIiwia2V5Ijoia2V5MSIsImV4cCI6MTc4Mjg5NTUwNywibmJmIjoxNzgyODkzNzA3LCJwYXRoIjoicmVsZWFzZWFzc2V0cHJvZHVjdGlvbi5ibG9iLmNvcmUud2luZG93cy5uZXQifQ.WHBPq8SKcwpf2O8acN-ooIR1avB7cEpRzCxcowV4yCY&response-content-disposition=attachment%3B%20filename%3Drustdesk-1.4.8-x86_64.deb&response-content-type=application%2Foctet-stream [following]
--2026-07-01 03:15:07--  https://release-assets.githubusercontent.com/github-production-release-asset/299354207/9f93fd79-a93b-478c-8a5c-31d1ca1bd8cb?sp=r&sv=2018-11-09&sr=b&spr=https&se=2026-07-01T09%3A08%3A01Z&rscd=attachment%3B+filename%3Drustdesk-1.4.8-x86_64.deb&rsct=application%2Foctet-stream&skoid=96c2d410-5711-43a1-aedd-ab1947aa7ab0&sktid=398a6654-997b-47e9-b12b-9515b896b4de&skt=2026-07-01T08%3A07%3A43Z&ske=2026-07-01T09%3A08%3A01Z&sks=b&skv=2018-11-09&sig=EtzrrU6bzi1CHbUWC3DL4jv2fi9ZjrCt3ga6hkprztk%3D&jwt=eyJ0eXAiOiJKV1QiLCJhbGciOiJIUzI1NiJ9.eyJpc3MiOiJnaXRodWIuY29tIiwiYXVkIjoicmVsZWFzZS1hc3NldHMuZ2l0aHVidXNlcmNvbnRlbnQuY29tIiwia2V5Ijoia2V5MSIsImV4cCI6MTc4Mjg5NTUwNywibmJmIjoxNzgyODkzNzA3LCJwYXRoIjoicmVsZWFzZWFzc2V0cHJvZHVjdGlvbi5ibG9iLmNvcmUud2luZG93cy5uZXQifQ.WHBPq8SKcwpf2O8acN-ooIR1avB7cEpRzCxcowV4yCY&response-content-disposition=attachment%3B%20filename%3Drustdesk-1.4.8-x86_64.deb&response-content-type=application%2Foctet-stream
Resolving release-assets.githubusercontent.com (release-assets.githubusercontent.com)... 185.199.110.133, 185.199.111.133, 185.199.108.133, ...
Connecting to release-assets.githubusercontent.com (release-assets.githubusercontent.com)|185.199.110.133|:443... connected.
HTTP request sent, awaiting response... 200 OK
Length: 23358752 (22M) [application/octet-stream]
Saving to: ‘rustdesk-1.4.8-x86_64.deb’

     0K .......... .......... .......... .......... ..........  0% 4.78M 5s
    50K .......... .......... .......... .......... ..........  0% 9.93M 3s
   100K .......... .......... .......... .......... ..........  0% 8.72M 3s
   150K .......... .......... .......... .......... ..........  0% 19.3M 3s
   200K .......... .......... .......... .......... ..........  1% 11.7M 2s
   250K .......... .......... .......... .......... ..........  1% 15.5M 2s
   300K .......... .......... .......... .......... ..........  1% 78.5M 2s
   350K .......... .......... .......... .......... ..........  1% 18.0M 2s
   400K .......... .......... .......... .......... ..........  1% 31.6M 2s
   450K .......... .......... .......... .......... ..........  2%  200M 2s
   500K .......... .......... .......... .......... ..........  2% 18.4M 2s
   550K .......... .......... .......... .......... ..........  2% 27.8M 1s
   600K .......... .......... .......... .......... ..........  2% 27.7M 1s
   650K .......... .......... .......... .......... ..........  3%  274M 1s
   700K .......... .......... .......... .......... ..........  3% 29.2M 1s
   750K .......... .......... .......... .......... ..........  3% 31.2M 1s
   800K .......... .......... .......... .......... ..........  3% 18.7M 1s
   850K .......... .......... .......... .......... ..........  3%  280M 1s
   900K .......... .......... .......... .......... ..........  4% 54.7M 1s
   950K .......... .......... .......... .......... ..........  4%  141M 1s
  1000K .......... .......... .......... .......... ..........  4% 19.1M 1s
  1050K .......... .......... .......... .......... ..........  4%  311M 1s
  1100K .......... .......... .......... .......... ..........  5%  317M 1s
  1150K .......... .......... .......... .......... ..........  5% 27.7M 1s
  1200K .......... .......... .......... .......... ..........  5%  262M 1s
  1250K .......... .......... .......... .......... ..........  5% 19.4M 1s
  1300K .......... .......... .......... .......... ..........  5%  208M 1s
  1350K .......... .......... .......... .......... ..........  6%  271M 1s
  1400K .......... .......... .......... .......... ..........  6% 23.4M 1s
  1450K .......... .......... .......... .......... ..........  6%  180M 1s
  1500K .......... .......... .......... .......... ..........  6%  219M 1s
  1550K .......... .......... .......... .......... ..........  7% 15.0M 1s
  1600K .......... .......... .......... .......... ..........  7%  244M 1s
  1650K .......... .......... .......... .......... ..........  7%  253M 1s
  1700K .......... .......... .......... .......... ..........  7% 38.5M 1s
  1750K .......... .......... .......... .......... ..........  7%  182M 1s
  1800K .......... .......... .......... .......... ..........  8%  244M 1s
  1850K .......... .......... .......... .......... ..........  8% 15.1M 1s
  1900K .......... .......... .......... .......... ..........  8% 39.8M 1s
  1950K .......... .......... .......... .......... ..........  8% 31.8M 1s
  2000K .......... .......... .......... .......... ..........  8%  218M 1s
  2050K .......... .......... .......... .......... ..........  9%  268M 1s
  2100K .......... .......... .......... .......... ..........  9%  281M 1s
  2150K .......... .......... .......... .......... ..........  9% 33.9M 1s
  2200K .......... .......... .......... .......... ..........  9%  164M 1s
  2250K .......... .......... .......... .......... .......... 10%  187M 1s
  2300K .......... .......... .......... .......... .......... 10% 15.4M 1s
  2350K .......... .......... .......... .......... .......... 10%  176M 1s
  2400K .......... .......... .......... .......... .......... 10% 22.3M 1s
  2450K .......... .......... .......... .......... .......... 10%  135M 1s
  2500K .......... .......... .......... .......... .......... 11%  201M 1s
  2550K .......... .......... .......... .......... .......... 11% 35.1M 1s
  2600K .......... .......... .......... .......... .......... 11%  169M 1s
  2650K .......... .......... .......... .......... .......... 11%  222M 1s
  2700K .......... .......... .......... .......... .......... 12% 33.0M 1s
  2750K .......... .......... .......... .......... .......... 12%  176M 1s
  2800K .......... .......... .......... .......... .......... 12%  273M 1s
  2850K .......... .......... .......... .......... .......... 12% 19.2M 1s
  2900K .......... .......... .......... .......... .......... 12%  218M 1s
  2950K .......... .......... .......... .......... .......... 13%  272M 1s
  3000K .......... .......... .......... .......... .......... 13% 32.9M 1s
  3050K .......... .......... .......... .......... .......... 13%  214M 1s
  3100K .......... .......... .......... .......... .......... 13%  253M 1s
  3150K .......... .......... .......... .......... .......... 14% 18.9M 1s
  3200K .......... .......... .......... .......... .......... 14%  314M 1s
  3250K .......... .......... .......... .......... .......... 14%  348M 1s
  3300K .......... .......... .......... .......... .......... 14% 33.7M 1s
  3350K .......... .......... .......... .......... .......... 14%  227M 1s
  3400K .......... .......... .......... .......... .......... 15%  294M 1s
  3450K .......... .......... .......... .......... .......... 15% 27.5M 1s
  3500K .......... .......... .......... .......... .......... 15%  248M 1s
  3550K .......... .......... .......... .......... .......... 15% 29.8M 1s
  3600K .......... .......... .......... .......... .......... 16%  219M 1s
  3650K .......... .......... .......... .......... .......... 16%  242M 1s
  3700K .......... .......... .......... .......... .......... 16% 18.0M 1s
  3750K .......... .......... .......... .......... .......... 16%  216M 1s
  3800K .......... .......... .......... .......... .......... 16%  279M 0s
  3850K .......... .......... .......... .......... .......... 17% 31.8M 0s
  3900K .......... .......... .......... .......... .......... 17%  156M 0s
  3950K .......... .......... .......... .......... .......... 17%  228M 0s
  4000K .......... .......... .......... .......... .......... 17% 13.0M 0s
  4050K .......... .......... .......... .......... .......... 17%  179M 0s
  4100K .......... .......... .......... .......... .......... 18%  298M 0s
  4150K .......... .......... .......... .......... .......... 18%  317M 0s
  4200K .......... .......... .......... .......... .......... 18% 19.0M 0s
  4250K .......... .......... .......... .......... .......... 18%  294M 0s
  4300K .......... .......... .......... .......... .......... 19%  293M 0s
  4350K .......... .......... .......... .......... .......... 19% 59.0M 0s
  4400K .......... .......... .......... .......... .......... 19% 27.3M 0s
  4450K .......... .......... .......... .......... .......... 19%  249M 0s
  4500K .......... .......... .......... .......... .......... 19%  253M 0s
  4550K .......... .......... .......... .......... .......... 20% 38.3M 0s
  4600K .......... .......... .......... .......... .......... 20%  276M 0s
  4650K .......... .......... .......... .......... .......... 20% 13.0M 0s
  4700K .......... .......... .......... .......... .......... 20%  168M 0s
  4750K .......... .......... .......... .......... .......... 21%  104M 0s
  4800K .......... .......... .......... .......... .......... 21%  232M 0s
  4850K .......... .......... .......... .......... .......... 21% 14.2M 0s
  4900K .......... .......... .......... .......... .......... 21%  230M 0s
  4950K .......... .......... .......... .......... .......... 21% 31.2M 0s
  5000K .......... .......... .......... .......... .......... 22%  214M 0s
  5050K .......... .......... .......... .......... .......... 22%  268M 0s
  5100K .......... .......... .......... .......... .......... 22% 21.7M 0s
  5150K .......... .......... .......... .......... .......... 22%  138M 0s
  5200K .......... .......... .......... .......... .......... 23%  252M 0s
  5250K .......... .......... .......... .......... .......... 23% 16.2M 0s
  5300K .......... .......... .......... .......... .......... 23% 44.6M 0s
  5350K .......... .......... .......... .......... .......... 23%  143M 0s
  5400K .......... .......... .......... .......... .......... 23%  174M 0s
  5450K .......... .......... .......... .......... .......... 24%  220M 0s
  5500K .......... .......... .......... .......... .......... 24%  227M 0s
  5550K .......... .......... .......... .......... .......... 24% 53.1M 0s
  5600K .......... .......... .......... .......... .......... 24%  225M 0s
  5650K .......... .......... .......... .......... .......... 24%  236M 0s
  5700K .......... .......... .......... .......... .......... 25% 31.6M 0s
  5750K .......... .......... .......... .......... .......... 25%  262M 0s
  5800K .......... .......... .......... .......... .......... 25%  244M 0s
  5850K .......... .......... .......... .......... .......... 25% 32.9M 0s
  5900K .......... .......... .......... .......... .......... 26%  189M 0s
  5950K .......... .......... .......... .......... .......... 26% 18.1M 0s
  6000K .......... .......... .......... .......... .......... 26%  164M 0s
  6050K .......... .......... .......... .......... .......... 26%  187M 0s
  6100K .......... .......... .......... .......... .......... 26% 22.1M 0s
  6150K .......... .......... .......... .......... .......... 27%  205M 0s
  6200K .......... .......... .......... .......... .......... 27%  315M 0s
  6250K .......... .......... .......... .......... .......... 27% 30.2M 0s
  6300K .......... .......... .......... .......... .......... 27%  181M 0s
  6350K .......... .......... .......... .......... .......... 28% 37.4M 0s
  6400K .......... .......... .......... .......... .......... 28%  186M 0s
  6450K .......... .......... .......... .......... .......... 28% 32.2M 0s
  6500K .......... .......... .......... .......... .......... 28%  222M 0s
  6550K .......... .......... .......... .......... .......... 28% 54.1M 0s
  6600K .......... .......... .......... .......... .......... 29% 38.4M 0s
  6650K .......... .......... .......... .......... .......... 29%  174M 0s
  6700K .......... .......... .......... .......... .......... 29% 31.6M 0s
  6750K .......... .......... .......... .......... .......... 29% 53.1M 0s
  6800K .......... .......... .......... .......... .......... 30%  226M 0s
  6850K .......... .......... .......... .......... .......... 30% 33.3M 0s
  6900K .......... .......... .......... .......... .......... 30%  203M 0s
  6950K .......... .......... .......... .......... .......... 30% 30.2M 0s
  7000K .......... .......... .......... .......... .......... 30%  229M 0s
  7050K .......... .......... .......... .......... .......... 31% 30.0M 0s
  7100K .......... .......... .......... .......... .......... 31%  291M 0s
  7150K .......... .......... .......... .......... .......... 31% 33.2M 0s
  7200K .......... .......... .......... .......... .......... 31%  273M 0s
  7250K .......... .......... .......... .......... .......... 32%  316M 0s
  7300K .......... .......... .......... .......... .......... 32% 26.9M 0s
  7350K .......... .......... .......... .......... .......... 32%  257M 0s
  7400K .......... .......... .......... .......... .......... 32% 18.0M 0s
  7450K .......... .......... .......... .......... .......... 32%  231M 0s
  7500K .......... .......... .......... .......... .......... 33% 31.3M 0s
  7550K .......... .......... .......... .......... .......... 33%  185M 0s
  7600K .......... .......... .......... .......... .......... 33% 23.4M 0s
  7650K .......... .......... .......... .......... .......... 33%  182M 0s
  7700K .......... .......... .......... .......... .......... 33%  245M 0s
  7750K .......... .......... .......... .......... .......... 34%  226M 0s
  7800K .......... .......... .......... .......... .......... 34% 41.8M 0s
  7850K .......... .......... .......... .......... .......... 34%  204M 0s
  7900K .......... .......... .......... .......... .......... 34%  248M 0s
  7950K .......... .......... .......... .......... .......... 35% 28.1M 0s
  8000K .......... .......... .......... .......... .......... 35%  293M 0s
  8050K .......... .......... .......... .......... .......... 35% 29.8M 0s
  8100K .......... .......... .......... .......... .......... 35%  211M 0s
  8150K .......... .......... .......... .......... .......... 35%  332M 0s
  8200K .......... .......... .......... .......... .......... 36% 16.1M 0s
  8250K .......... .......... .......... .......... .......... 36%  194M 0s
  8300K .......... .......... .......... .......... .......... 36%  263M 0s
  8350K .......... .......... .......... .......... .......... 36% 32.5M 0s
  8400K .......... .......... .......... .......... .......... 37%  301M 0s
  8450K .......... .......... .......... .......... .......... 37%  351M 0s
  8500K .......... .......... .......... .......... .......... 37% 23.7M 0s
  8550K .......... .......... .......... .......... .......... 37%  176M 0s
  8600K .......... .......... .......... .......... .......... 37% 65.7M 0s
  8650K .......... .......... .......... .......... .......... 38% 17.6M 0s
  8700K .......... .......... .......... .......... .......... 38% 60.9M 0s
  8750K .......... .......... .......... .......... .......... 38% 32.2M 0s
  8800K .......... .......... .......... .......... .......... 38%  237M 0s
  8850K .......... .......... .......... .......... .......... 39% 56.2M 0s
  8900K .......... .......... .......... .......... .......... 39%  221M 0s
  8950K .......... .......... .......... .......... .......... 39% 25.4M 0s
  9000K .......... .......... .......... .......... .......... 39%  241M 0s
  9050K .......... .......... .......... .......... .......... 39% 37.9M 0s
  9100K .......... .......... .......... .......... .......... 40%  327M 0s
  9150K .......... .......... .......... .......... .......... 40% 28.5M 0s
  9200K .......... .......... .......... .......... .......... 40%  274M 0s
  9250K .......... .......... .......... .......... .......... 40% 39.4M 0s
  9300K .......... .......... .......... .......... .......... 40%  161M 0s
  9350K .......... .......... .......... .......... .......... 41% 12.9M 0s
  9400K .......... .......... .......... .......... .......... 41%  196M 0s
  9450K .......... .......... .......... .......... .......... 41%  302M 0s
  9500K .......... .......... .......... .......... .......... 41% 31.5M 0s
  9550K .......... .......... .......... .......... .......... 42%  134M 0s
  9600K .......... .......... .......... .......... .......... 42%  275M 0s
  9650K .......... .......... .......... .......... .......... 42% 23.4M 0s
  9700K .......... .......... .......... .......... .......... 42%  219M 0s
  9750K .......... .......... .......... .......... .......... 42%  249M 0s
  9800K .......... .......... .......... .......... .......... 43% 32.1M 0s
  9850K .......... .......... .......... .......... .......... 43%  209M 0s
  9900K .......... .......... .......... .......... .......... 43%  304M 0s
  9950K .......... .......... .......... .......... .......... 43% 16.8M 0s
 10000K .......... .......... .......... .......... .......... 44%  139M 0s
 10050K .......... .......... .......... .......... .......... 44%  176M 0s
 10100K .......... .......... .......... .......... .......... 44% 42.8M 0s
 10150K .......... .......... .......... .......... .......... 44%  224M 0s
 10200K .......... .......... .......... .......... .......... 44%  241M 0s
 10250K .......... .......... .......... .......... .......... 45% 13.0M 0s
 10300K .......... .......... .......... .......... .......... 45%  182M 0s
 10350K .......... .......... .......... .......... .......... 45% 32.8M 0s
 10400K .......... .......... .......... .......... .......... 45%  169M 0s
 10450K .......... .......... .......... .......... .......... 46%  188M 0s
 10500K .......... .......... .......... .......... .......... 46% 33.4M 0s
 10550K .......... .......... .......... .......... .......... 46%  180M 0s
 10600K .......... .......... .......... .......... .......... 46%  201M 0s
 10650K .......... .......... .......... .......... .......... 46% 17.6M 0s
 10700K .......... .......... .......... .......... .......... 47%  160M 0s
 10750K .......... .......... .......... .......... .......... 47%  208M 0s
 10800K .......... .......... .......... .......... .......... 47% 31.9M 0s
 10850K .......... .......... .......... .......... .......... 47%  204M 0s
 10900K .......... .......... .......... .......... .......... 48%  230M 0s
 10950K .......... .......... .......... .......... .......... 48% 30.6M 0s
 11000K .......... .......... .......... .......... .......... 48%  210M 0s
 11050K .......... .......... .......... .......... .......... 48%  217M 0s
 11100K .......... .......... .......... .......... .......... 48% 30.2M 0s
 11150K .......... .......... .......... .......... .......... 49%  190M 0s
 11200K .......... .......... .......... .......... .......... 49% 81.8M 0s
 11250K .......... .......... .......... .......... .......... 49% 14.4M 0s
 11300K .......... .......... .......... .......... .......... 49%  161M 0s
 11350K .......... .......... .......... .......... .......... 49%  212M 0s
 11400K .......... .......... .......... .......... .......... 50% 18.3M 0s
 11450K .......... .......... .......... .......... .......... 50%  280M 0s
 11500K .......... .......... .......... .......... .......... 50% 14.4M 0s
 11550K .......... .......... .......... .......... .......... 50%  283M 0s
 11600K .......... .......... .......... .......... .......... 51%  282M 0s
 11650K .......... .......... .......... .......... .......... 51% 17.6M 0s
 11700K .......... .......... .......... .......... .......... 51%  243M 0s
 11750K .......... .......... .......... .......... .......... 51%  293M 0s
 11800K .......... .......... .......... .......... .......... 51% 75.2M 0s
 11850K .......... .......... .......... .......... .......... 52% 18.8M 0s
 11900K .......... .......... .......... .......... .......... 52%  142M 0s
 11950K .......... .......... .......... .......... .......... 52%  236M 0s
 12000K .......... .......... .......... .......... .......... 52% 40.2M 0s
 12050K .......... .......... .......... .......... .......... 53%  270M 0s
 12100K .......... .......... .......... .......... .......... 53% 21.9M 0s
 12150K .......... .......... .......... .......... .......... 53%  222M 0s
 12200K .......... .......... .......... .......... .......... 53%  326M 0s
 12250K .......... .......... .......... .......... .......... 53% 20.5M 0s
 12300K .......... .......... .......... .......... .......... 54%  137M 0s
 12350K .......... .......... .......... .......... .......... 54%  236M 0s
 12400K .......... .......... .......... .......... .......... 54% 67.2M 0s
 12450K .......... .......... .......... .......... .......... 54%  233M 0s
 12500K .......... .......... .......... .......... .......... 55%  159M 0s
 12550K .......... .......... .......... .......... .......... 55% 24.6M 0s
 12600K .......... .......... .......... .......... .......... 55%  189M 0s
 12650K .......... .......... .......... .......... .......... 55%  237M 0s
 12700K .......... .......... .......... .......... .......... 55% 20.9M 0s
 12750K .......... .......... .......... .......... .......... 56%  224M 0s
 12800K .......... .......... .......... .......... .......... 56% 31.3M 0s
 12850K .......... .......... .......... .......... .......... 56%  142M 0s
 12900K .......... .......... .......... .......... .......... 56%  184M 0s
 12950K .......... .......... .......... .......... .......... 56% 34.7M 0s
 13000K .......... .......... .......... .......... .......... 57%  176M 0s
 13050K .......... .......... .......... .......... .......... 57%  185M 0s
 13100K .......... .......... .......... .......... .......... 57% 30.4M 0s
 13150K .......... .......... .......... .......... .......... 57%  172M 0s
 13200K .......... .......... .......... .......... .......... 58%  234M 0s
 13250K .......... .......... .......... .......... .......... 58% 18.0M 0s
 13300K .......... .......... .......... .......... .......... 58% 43.6M 0s
 13350K .......... .......... .......... .......... .......... 58%  220M 0s
 13400K .......... .......... .......... .......... .......... 58% 31.2M 0s
 13450K .......... .......... .......... .......... .......... 59%  191M 0s
 13500K .......... .......... .......... .......... .......... 59%  183M 0s
 13550K .......... .......... .......... .......... .......... 59%  185M 0s
 13600K .......... .......... .......... .......... .......... 59% 39.5M 0s
 13650K .......... .......... .......... .......... .......... 60%  260M 0s
 13700K .......... .......... .......... .......... .......... 60%  297M 0s
 13750K .......... .......... .......... .......... .......... 60% 13.2M 0s
 13800K .......... .......... .......... .......... .......... 60%  229M 0s
 13850K .......... .......... .......... .......... .......... 60%  289M 0s
 13900K .......... .......... .......... .......... .......... 61% 41.0M 0s
 13950K .......... .......... .......... .......... .......... 61%  218M 0s
 14000K .......... .......... .......... .......... .......... 61% 13.2M 0s
 14050K .......... .......... .......... .......... .......... 61% 30.3M 0s
 14100K .......... .......... .......... .......... .......... 62%  179M 0s
 14150K .......... .......... .......... .......... .......... 62% 66.2M 0s
 14200K .......... .......... .......... .......... .......... 62%  222M 0s
 14250K .......... .......... .......... .......... .......... 62% 40.5M 0s
 14300K .......... .......... .......... .......... .......... 62% 34.0M 0s
 14350K .......... .......... .......... .......... .......... 63%  191M 0s
 14400K .......... .......... .......... .......... .......... 63% 46.6M 0s
 14450K .......... .......... .......... .......... .......... 63% 28.8M 0s
 14500K .......... .......... .......... .......... .......... 63%  177M 0s
 14550K .......... .......... .......... .......... .......... 64% 16.7M 0s
 14600K .......... .......... .......... .......... .......... 64%  107M 0s
 14650K .......... .......... .......... .......... .......... 64%  173M 0s
 14700K .......... .......... .......... .......... .......... 64% 27.6M 0s
 14750K .......... .......... .......... .......... .......... 64%  212M 0s
 14800K .......... .......... .......... .......... .......... 65%  326M 0s
 14850K .......... .......... .......... .......... .......... 65% 25.4M 0s
 14900K .......... .......... .......... .......... .......... 65%  280M 0s
 14950K .......... .......... .......... .......... .......... 65%  344M 0s
 15000K .......... .......... .......... .......... .......... 65% 29.5M 0s
 15050K .......... .......... .......... .......... .......... 66%  229M 0s
 15100K .......... .......... .......... .......... .......... 66%  201M 0s
 15150K .......... .......... .......... .......... .......... 66% 25.5M 0s
 15200K .......... .......... .......... .......... .......... 66%  246M 0s
 15250K .......... .......... .......... .......... .......... 67%  232M 0s
 15300K .......... .......... .......... .......... .......... 67% 29.4M 0s
 15350K .......... .......... .......... .......... .......... 67%  236M 0s
 15400K .......... .......... .......... .......... .......... 67%  265M 0s
 15450K .......... .......... .......... .......... .......... 67% 19.2M 0s
 15500K .......... .......... .......... .......... .......... 68%  234M 0s
 15550K .......... .......... .......... .......... .......... 68% 28.2M 0s
 15600K .......... .......... .......... .......... .......... 68%  181M 0s
 15650K .......... .......... .......... .......... .......... 68%  293M 0s
 15700K .......... .......... .......... .......... .......... 69% 17.2M 0s
 15750K .......... .......... .......... .......... .......... 69%  235M 0s
 15800K .......... .......... .......... .......... .......... 69%  299M 0s
 15850K .......... .......... .......... .......... .......... 69% 32.3M 0s
 15900K .......... .......... .......... .......... .......... 69%  141M 0s
 15950K .......... .......... .......... .......... .......... 70%  281M 0s
 16000K .......... .......... .......... .......... .......... 70% 19.6M 0s
 16050K .......... .......... .......... .......... .......... 70%  242M 0s
 16100K .......... .......... .......... .......... .......... 70%  236M 0s
 16150K .......... .......... .......... .......... .......... 71% 31.2M 0s
 16200K .......... .......... .......... .......... .......... 71%  282M 0s
 16250K .......... .......... .......... .......... .......... 71%  332M 0s
 16300K .......... .......... .......... .......... .......... 71% 10.2M 0s
 16350K .......... .......... .......... .......... .......... 71% 46.6M 0s
 16400K .......... .......... .......... .......... .......... 72%  211M 0s
 16450K .......... .......... .......... .......... .......... 72% 31.0M 0s
 16500K .......... .......... .......... .......... .......... 72% 25.9M 0s
 16550K .......... .......... .......... .......... .......... 72%  247M 0s
 16600K .......... .......... .......... .......... .......... 72%  270M 0s
 16650K .......... .......... .......... .......... .......... 73%  191M 0s
 16700K .......... .......... .......... .......... .......... 73% 15.9M 0s
 16750K .......... .......... .......... .......... .......... 73%  239M 0s
 16800K .......... .......... .......... .......... .......... 73%  315M 0s
 16850K .......... .......... .......... .......... .......... 74% 14.4M 0s
 16900K .......... .......... .......... .......... .......... 74%  210M 0s
 16950K .......... .......... .......... .......... .......... 74%  218M 0s
 17000K .......... .......... .......... .......... .......... 74%  262M 0s
 17050K .......... .......... .......... .......... .......... 74% 18.3M 0s
 17100K .......... .......... .......... .......... .......... 75%  203M 0s
 17150K .......... .......... .......... .......... .......... 75%  314M 0s
 17200K .......... .......... .......... .......... .......... 75% 14.0M 0s
 17250K .......... .......... .......... .......... .......... 75% 15.8M 0s
 17300K .......... .......... .......... .......... .......... 76%  233M 0s
 17350K .......... .......... .......... .......... .......... 76%  317M 0s
 17400K .......... .......... .......... .......... .......... 76%  241M 0s
 17450K .......... .......... .......... .......... .......... 76% 38.8M 0s
 17500K .......... .......... .......... .......... .......... 76% 14.3M 0s
 17550K .......... .......... .......... .......... .......... 77%  258M 0s
 17600K .......... .......... .......... .......... .......... 77%  275M 0s
 17650K .......... .......... .......... .......... .......... 77%  277M 0s
 17700K .......... .......... .......... .......... .......... 77% 17.1M 0s
 17750K .......... .......... .......... .......... .......... 78%  303M 0s
 17800K .......... .......... .......... .......... .......... 78%  312M 0s
 17850K .......... .......... .......... .......... .......... 78% 13.7M 0s
 17900K .......... .......... .......... .......... .......... 78%  163M 0s
 17950K .......... .......... .......... .......... .......... 78%  244M 0s
 18000K .......... .......... .......... .......... .......... 79%  254M 0s
 18050K .......... .......... .......... .......... .......... 79% 16.7M 0s
 18100K .......... .......... .......... .......... .......... 79%  184M 0s
 18150K .......... .......... .......... .......... .......... 79%  167M 0s
 18200K .......... .......... .......... .......... .......... 80% 14.6M 0s
 18250K .......... .......... .......... .......... .......... 80%  299M 0s
 18300K .......... .......... .......... .......... .......... 80%  255M 0s
 18350K .......... .......... .......... .......... .......... 80% 16.8M 0s
 18400K .......... .......... .......... .......... .......... 80%  142M 0s
 18450K .......... .......... .......... .......... .......... 81%  202M 0s
 18500K .......... .......... .......... .......... .......... 81%  188M 0s
 18550K .......... .......... .......... .......... .......... 81% 15.2M 0s
 18600K .......... .......... .......... .......... .......... 81%  157M 0s
 18650K .......... .......... .......... .......... .......... 81%  185M 0s
 18700K .......... .......... .......... .......... .......... 82% 36.0M 0s
 18750K .......... .......... .......... .......... .......... 82%  209M 0s
 18800K .......... .......... .......... .......... .......... 82% 17.8M 0s
 18850K .......... .......... .......... .......... .......... 82%  144M 0s
 18900K .......... .......... .......... .......... .......... 83%  219M 0s
 18950K .......... .......... .......... .......... .......... 83% 38.5M 0s
 19000K .......... .......... .......... .......... .......... 83%  182M 0s
 19050K .......... .......... .......... .......... .......... 83%  234M 0s
 19100K .......... .......... .......... .......... .......... 83% 23.5M 0s
 19150K .......... .......... .......... .......... .......... 84%  183M 0s
 19200K .......... .......... .......... .......... .......... 84%  193M 0s
 19250K .......... .......... .......... .......... .......... 84% 36.2M 0s
 19300K .......... .......... .......... .......... .......... 84%  173M 0s
 19350K .......... .......... .......... .......... .......... 85%  187M 0s
 19400K .......... .......... .......... .......... .......... 85% 26.5M 0s
 19450K .......... .......... .......... .......... .......... 85%  192M 0s
 19500K .......... .......... .......... .......... .......... 85%  148M 0s
 19550K .......... .......... .......... .......... .......... 85% 38.4M 0s
 19600K .......... .......... .......... .......... .......... 86%  199M 0s
 19650K .......... .......... .......... .......... .......... 86% 13.7M 0s
 19700K .......... .......... .......... .......... .......... 86%  185M 0s
 19750K .......... .......... .......... .......... .......... 86%  229M 0s
 19800K .......... .......... .......... .......... .......... 87% 31.8M 0s
 19850K .......... .......... .......... .......... .......... 87%  189M 0s
 19900K .......... .......... .......... .......... .......... 87%  251M 0s
 19950K .......... .......... .......... .......... .......... 87% 31.4M 0s
 20000K .......... .......... .......... .......... .......... 87%  254M 0s
 20050K .......... .......... .......... .......... .......... 88%  276M 0s
 20100K .......... .......... .......... .......... .......... 88% 38.7M 0s
 20150K .......... .......... .......... .......... .......... 88%  247M 0s
 20200K .......... .......... .......... .......... .......... 88% 29.7M 0s
 20250K .......... .......... .......... .......... .......... 88%  204M 0s
 20300K .......... .......... .......... .......... .......... 89% 41.2M 0s
 20350K .......... .......... .......... .......... .......... 89%  186M 0s
 20400K .......... .......... .......... .......... .......... 89% 20.8M 0s
 20450K .......... .......... .......... .......... .......... 89%  189M 0s
 20500K .......... .......... .......... .......... .......... 90%  165M 0s
 20550K .......... .......... .......... .......... .......... 90%  157M 0s
 20600K .......... .......... .......... .......... .......... 90%  181M 0s
 20650K .......... .......... .......... .......... .......... 90% 29.4M 0s
 20700K .......... .......... .......... .......... .......... 90%  166M 0s
 20750K .......... .......... .......... .......... .......... 91% 46.9M 0s
 20800K .......... .......... .......... .......... .......... 91%  203M 0s
 20850K .......... .......... .......... .......... .......... 91% 28.9M 0s
 20900K .......... .......... .......... .......... .......... 91%  238M 0s
 20950K .......... .......... .......... .......... .......... 92%  276M 0s
 21000K .......... .......... .......... .......... .......... 92% 5.44M 0s
 21050K .......... .......... .......... .......... .......... 92%  111M 0s
 21100K .......... .......... .......... .......... .......... 92% 11.6M 0s
 21150K .......... .......... .......... .......... .......... 92%  265M 0s
 21200K .......... .......... .......... .......... .......... 93%  274M 0s
 21250K .......... .......... .......... .......... .......... 93% 51.0M 0s
 21300K .......... .......... .......... .......... .......... 93% 13.1M 0s
 21350K .......... .......... .......... .......... .......... 93%  185M 0s
 21400K .......... .......... .......... .......... .......... 94%  218M 0s
 21450K .......... .......... .......... .......... .......... 94% 88.4M 0s
 21500K .......... .......... .......... .......... .......... 94% 76.6M 0s
 21550K .......... .......... .......... .......... .......... 94%  104M 0s
 21600K .......... .......... .......... .......... .......... 94% 40.7M 0s
 21650K .......... .......... .......... .......... .......... 95%  247M 0s
 21700K .......... .......... .......... .......... .......... 95%  319M 0s
 21750K .......... .......... .......... .......... .......... 95% 30.9M 0s
 21800K .......... .......... .......... .......... .......... 95%  242M 0s
 21850K .......... .......... .......... .......... .......... 96%  272M 0s
 21900K .......... .......... .......... .......... .......... 96% 22.9M 0s
 21950K .......... .......... .......... .......... .......... 96%  250M 0s
 22000K .......... .......... .......... .......... .......... 96%  263M 0s
 22050K .......... .......... .......... .......... .......... 96% 32.8M 0s
 22100K .......... .......... .......... .......... .......... 97%  191M 0s
 22150K .......... .......... .......... .......... .......... 97%  220M 0s
 22200K .......... .......... .......... .......... .......... 97% 17.3M 0s
 22250K .......... .......... .......... .......... .......... 97%  198M 0s
 22300K .......... .......... .......... .......... .......... 97% 59.4M 0s
 22350K .......... .......... .......... .......... .......... 98%  157M 0s
 22400K .......... .......... .......... .......... .......... 98%  278M 0s
 22450K .......... .......... .......... .......... .......... 98% 14.1M 0s
 22500K .......... .......... .......... .......... .......... 98%  191M 0s
 22550K .......... .......... .......... .......... .......... 99%  267M 0s
 22600K .......... .......... .......... .......... .......... 99% 32.4M 0s
 22650K .......... .......... .......... .......... .......... 99%  222M 0s
 22700K .......... .......... .......... .......... .......... 99%  182M 0s
 22750K .......... .......... .......... .......... .......... 99%  121M 0s
 22800K .......... .                                          100% 21.0T=0.5s

2026-07-01 03:15:07 (49.0 MB/s) - ‘rustdesk-1.4.8-x86_64.deb’ saved [23358752/23358752]


Now installing RustDesk. . .
(Reading database… 570962 files and directories currently installed.)
Preparing to unpack rustdesk-1.4.8-x86_64.deb…
Removed '/etc/systemd/system/multi-user.target.wants/rustdesk.service'.
rm: cannot remove '/etc/systemd/system/rustdesk.service': No such file or directory
Failed to stop rustdesk.service: Unit rustdesk.service not loaded.
Unpacking rustdesk (1.4.8) over (1.4.6)…
Setting up rustdesk (1.4.8)…
Created symlink '/etc/systemd/system/multi-user.target.wants/rustdesk.service' → '/usr/lib/systemd/system/rustdesk.service'.
Processing triggers for mailcap (3.77)…
Processing triggers for bamfdaemon (0.5.6+repack-1.1+b3)…
Rebuilding /usr/share/applications/bamf-2.index...
Processing triggers for mate-menus (1.26.1-2)…
Processing triggers for desktop-file-utils (0.28-1)…
Processing triggers for hicolor-icon-theme (0.18-2)…
/home/msifland/scripts/rust_desk-updater: line 42: ehco: command not found
Cleaning up files and setting up rustdesk for your desktop. . .

Rustdesk installed, restarting your machine. . .
