[sudo] password for msifland: 

[1;36m==>[0m [1;33mThis script fully cleans your system.[0m


[1;36m==>[0m [1;33mRunning apt update and upgrade first[0m

Get:1 http://deb.debian.org/debian testing InRelease [151 kB]
Get:3 http://deb.debian.org/debian testing-updates InRelease [45.1 kB]
Get:4 http://security.debian.org/debian-security testing-security InRelease [48.0 kB]
Get:5 http://ftp.us.debian.org/debian testing InRelease [151 kB]
Get:6 http://security.debian.org/debian-security stable-security InRelease [43.4 kB]
Get:7 http://deb.debian.org/debian-security testing-security InRelease [48.0 kB]
Get:8 http://security.debian.org/debian-security stable-security/main Sources [182 kB]
Hit:9 https://download.sublimetext.com apt/stable/ InRelease
Get:2 http://mirror.us.cdn-perfprod.com/kali kali-rolling InRelease [34.0 kB]
Get:10 http://deb.debian.org/debian unstable InRelease [193 kB]
Hit:11 http://deb.debian.org/debian stable InRelease
Get:12 http://deb.debian.org/debian stable-updates InRelease [47.3 kB]
Get:13 http://deb.debian.org/debian testing/contrib Sources.diff/Index [63.3 kB]
Get:14 http://deb.debian.org/debian testing/non-free-firmware Sources.diff/Index [37.5 kB]
Get:15 http://security.debian.org/debian-security stable-security/main amd64 Packages [223 kB]
Get:16 http://security.debian.org/debian-security stable-security/main Translation-en [134 kB]
Get:17 http://deb.debian.org/debian testing/non-free Sources.diff/Index [63.3 kB]
Get:18 http://deb.debian.org/debian testing/main Sources.diff/Index [63.6 kB]
Get:19 http://deb.debian.org/debian testing/main amd64 Packages.diff/Index [63.6 kB]
Get:20 http://deb.debian.org/debian testing/main Translation-en.diff/Index [63.6 kB]
Get:21 http://deb.debian.org/debian testing/main all Contents (deb).diff/Index [63.9 kB]
Get:22 http://deb.debian.org/debian testing/main amd64 Contents (deb).diff/Index [63.9 kB]
Get:23 http://deb.debian.org/debian testing/non-free amd64 Packages.diff/Index [63.3 kB]
Get:24 http://deb.debian.org/debian testing/non-free Translation-en.diff/Index [63.3 kB]
Get:25 http://deb.debian.org/debian testing/non-free all Contents (deb).diff/Index [63.6 kB]
Get:26 http://ftp.us.debian.org/debian testing-updates InRelease [45.1 kB]
Get:27 http://mirror.us.cdn-perfprod.com/kali kali-rolling/non-free-firmware Sources [10.3 kB]
Get:28 http://deb.debian.org/debian testing/non-free amd64 Contents (deb).diff/Index [58.9 kB]
Get:29 http://deb.debian.org/debian testing/non-free-firmware amd64 Packages.diff/Index [37.5 kB]
Get:30 http://deb.debian.org/debian testing/non-free-firmware Translation-en.diff/Index [10.6 kB]
Get:31 http://deb.debian.org/debian testing/non-free-firmware amd64 Contents (deb).diff/Index [4,995 B]
Get:32 http://deb.debian.org/debian testing/contrib amd64 Packages.diff/Index [63.3 kB]
Get:33 http://deb.debian.org/debian testing/contrib Translation-en.diff/Index [63.3 kB]
Get:34 http://deb.debian.org/debian testing/contrib all Contents (deb).diff/Index [63.3 kB]
Get:35 http://deb.debian.org/debian testing/contrib amd64 Contents (deb).diff/Index [63.3 kB]
Get:36 http://mirror.us.cdn-perfprod.com/kali kali-rolling/main Sources [17.9 MB]
Get:37 http://deb.debian.org/debian unstable/non-free Sources.diff/Index [63.3 kB]
Get:38 http://deb.debian.org/debian unstable/contrib Sources.diff/Index [63.3 kB]
Get:39 http://deb.debian.org/debian unstable/main Sources.diff/Index [63.6 kB]
Get:40 http://deb.debian.org/debian unstable/main amd64 Packages.diff/Index [63.6 kB]
Get:41 http://deb.debian.org/debian unstable/main Translation-en.diff/Index [63.6 kB]
Get:42 http://deb.debian.org/debian unstable/main amd64 Contents (deb).diff/Index [63.8 kB]
Get:43 http://deb.debian.org/debian unstable/main all Contents (deb).diff/Index [63.8 kB]
Get:44 http://deb.debian.org/debian unstable/contrib amd64 Packages.diff/Index [63.3 kB]
Get:45 http://deb.debian.org/debian unstable/contrib Translation-en.diff/Index [63.3 kB]
Get:46 http://deb.debian.org/debian unstable/contrib all Contents (deb).diff/Index [63.3 kB]
Get:47 http://deb.debian.org/debian unstable/contrib amd64 Contents (deb).diff/Index [63.3 kB]
Get:48 http://deb.debian.org/debian unstable/non-free amd64 Packages.diff/Index [63.3 kB]
Get:49 http://deb.debian.org/debian unstable/non-free amd64 Contents (deb).diff/Index [63.3 kB]
Get:50 http://ftp.us.debian.org/debian testing/non-free Sources.diff/Index [63.3 kB]
Get:51 http://ftp.us.debian.org/debian testing/main Sources.diff/Index [63.6 kB]
Get:52 http://deb.debian.org/debian testing/contrib Sources T-2026-07-03-0200.48-F-2026-06-29-1403.04.pdiff [593 B]
Get:53 http://deb.debian.org/debian testing/non-free-firmware Sources T-2026-06-29-1403.04-F-2026-06-29-1403.04.pdiff [29 B]
Get:54 http://deb.debian.org/debian testing/non-free Sources T-2026-07-01-0200.43-F-2026-06-29-0226.29.pdiff [1,477 B]
Get:55 http://deb.debian.org/debian testing/main Sources T-2026-07-03-0200.48-F-2026-06-28-2000.43.pdiff [244 kB]
Get:56 http://ftp.us.debian.org/debian testing/contrib Sources.diff/Index [63.3 kB]
Get:57 http://ftp.us.debian.org/debian testing/non-free-firmware Sources.diff/Index [37.5 kB]
Get:58 http://ftp.us.debian.org/debian testing/main amd64 Packages.diff/Index [63.6 kB]
Get:59 http://ftp.us.debian.org/debian testing/main Translation-en.diff/Index [63.6 kB]
Get:60 http://ftp.us.debian.org/debian testing/main all Contents (deb).diff/Index [63.9 kB]
Get:61 http://ftp.us.debian.org/debian testing/main amd64 Contents (deb).diff/Index [63.9 kB]
Get:62 http://mirror.us.cdn-perfprod.com/kali kali-rolling/non-free Sources [117 kB]
Get:63 http://mirror.us.cdn-perfprod.com/kali kali-rolling/contrib Sources [70.6 kB]
Get:64 http://mirror.us.cdn-perfprod.com/kali kali-rolling/main amd64 Packages [21.3 MB]
Get:65 http://deb.debian.org/debian testing/main amd64 Packages T-2026-07-03-0200.48-F-2026-06-28-2000.43.pdiff [319 kB]
Get:66 http://deb.debian.org/debian testing/main Translation-en T-2026-07-03-0200.48-F-2026-06-28-2000.43.pdiff [24.4 kB]
Get:67 http://deb.debian.org/debian testing/main all Contents (deb) T-2026-07-03-0200.48-F-2026-06-28-2000.43.pdiff [366 kB]
Get:68 http://deb.debian.org/debian testing/main amd64 Contents (deb) T-2026-07-03-0200.48-F-2026-06-28-2000.43.pdiff [112 kB]
Get:69 http://deb.debian.org/debian testing/non-free amd64 Packages T-2026-07-01-0200.43-F-2026-06-29-0226.29.pdiff [1,245 B]
Get:70 http://deb.debian.org/debian testing/non-free Translation-en T-2026-06-29-1403.04-F-2026-06-29-0226.29.pdiff [693 B]
Get:71 http://ftp.us.debian.org/debian testing/contrib amd64 Packages.diff/Index [63.3 kB]
Get:72 http://ftp.us.debian.org/debian testing/contrib Translation-en.diff/Index [63.3 kB]
Get:73 http://ftp.us.debian.org/debian testing/contrib amd64 Contents (deb).diff/Index [63.3 kB]
Get:54 http://deb.debian.org/debian testing/non-free Sources T-2026-07-01-0200.43-F-2026-06-29-0226.29.pdiff [1,477 B]
Get:53 http://deb.debian.org/debian testing/non-free-firmware Sources T-2026-06-29-1403.04-F-2026-06-29-1403.04.pdiff [29 B]
Get:52 http://deb.debian.org/debian testing/contrib Sources T-2026-07-03-0200.48-F-2026-06-29-1403.04.pdiff [593 B]
Get:74 http://deb.debian.org/debian testing/non-free all Contents (deb) T-2026-07-01-0200.43-F-2026-07-01-0200.43.pdiff [115 B]
Get:75 http://deb.debian.org/debian testing/non-free amd64 Contents (deb) T-2026-06-29-1403.04-F-2026-06-29-0226.29.pdiff [834 B]
Get:76 http://ftp.us.debian.org/debian testing/contrib all Contents (deb).diff/Index [63.3 kB]
Get:77 http://ftp.us.debian.org/debian testing/non-free-firmware amd64 Packages.diff/Index [37.5 kB]
Get:78 http://ftp.us.debian.org/debian testing/non-free-firmware Translation-en.diff/Index [10.6 kB]
Get:79 http://ftp.us.debian.org/debian testing/non-free-firmware amd64 Contents (deb).diff/Index [4,995 B]
Get:80 http://ftp.us.debian.org/debian testing/non-free amd64 Packages.diff/Index [63.3 kB]
Get:81 http://ftp.us.debian.org/debian testing/non-free Translation-en.diff/Index [63.3 kB]
Get:70 http://deb.debian.org/debian testing/non-free Translation-en T-2026-06-29-1403.04-F-2026-06-29-0226.29.pdiff [693 B]
Get:69 http://deb.debian.org/debian testing/non-free amd64 Packages T-2026-07-01-0200.43-F-2026-06-29-0226.29.pdiff [1,245 B]
Get:68 http://deb.debian.org/debian testing/main amd64 Contents (deb) T-2026-07-03-0200.48-F-2026-06-28-2000.43.pdiff [112 kB]
Get:67 http://deb.debian.org/debian testing/main all Contents (deb) T-2026-07-03-0200.48-F-2026-06-28-2000.43.pdiff [366 kB]
Get:66 http://deb.debian.org/debian testing/main Translation-en T-2026-07-03-0200.48-F-2026-06-28-2000.43.pdiff [24.4 kB]
Get:65 http://deb.debian.org/debian testing/main amd64 Packages T-2026-07-03-0200.48-F-2026-06-28-2000.43.pdiff [319 kB]
Get:55 http://deb.debian.org/debian testing/main Sources T-2026-07-03-0200.48-F-2026-06-28-2000.43.pdiff [244 kB]
Get:74 http://deb.debian.org/debian testing/non-free all Contents (deb) T-2026-07-01-0200.43-F-2026-07-01-0200.43.pdiff [115 B]
Get:75 http://deb.debian.org/debian testing/non-free amd64 Contents (deb) T-2026-06-29-1403.04-F-2026-06-29-0226.29.pdiff [834 B]
Get:82 http://ftp.us.debian.org/debian testing/non-free amd64 Contents (deb).diff/Index [58.9 kB]
Get:83 http://deb.debian.org/debian testing/non-free-firmware amd64 Packages T-2026-06-29-1403.04-F-2026-06-29-1403.04.pdiff [31 B]
Get:83 http://deb.debian.org/debian testing/non-free-firmware amd64 Packages T-2026-06-29-1403.04-F-2026-06-29-1403.04.pdiff [31 B]
Get:84 http://ftp.us.debian.org/debian testing/non-free all Contents (deb).diff/Index [63.6 kB]
Get:85 http://deb.debian.org/debian testing/non-free-firmware Translation-en T-2026-06-29-1403.04-F-2026-06-29-1403.04.pdiff [29 B]
Get:85 http://deb.debian.org/debian testing/non-free-firmware Translation-en T-2026-06-29-1403.04-F-2026-06-29-1403.04.pdiff [29 B]
Get:86 http://deb.debian.org/debian testing/non-free-firmware amd64 Contents (deb) T-2026-06-29-1403.04-F-2026-06-29-1403.04.pdiff [52 B]
Get:86 http://deb.debian.org/debian testing/non-free-firmware amd64 Contents (deb) T-2026-06-29-1403.04-F-2026-06-29-1403.04.pdiff [52 B]
Get:87 http://ftp.us.debian.org/debian testing/non-free Sources T-2026-07-01-0200.43-F-2026-06-29-0226.29.pdiff [1,477 B]
Get:87 http://ftp.us.debian.org/debian testing/non-free Sources T-2026-07-01-0200.43-F-2026-06-29-0226.29.pdiff [1,477 B]
Get:88 http://ftp.us.debian.org/debian testing/main Sources T-2026-07-03-0200.48-F-2026-06-28-2000.43.pdiff [244 kB]
Get:89 http://deb.debian.org/debian testing/contrib amd64 Packages T-2026-07-03-0200.48-F-2026-06-29-1403.04.pdiff [1,254 B]
Get:89 http://deb.debian.org/debian testing/contrib amd64 Packages T-2026-07-03-0200.48-F-2026-06-29-1403.04.pdiff [1,254 B]
Get:90 http://deb.debian.org/debian testing/contrib Translation-en T-2026-06-29-2004.07-F-2026-06-29-1403.04.pdiff [42 B]
Get:91 http://deb.debian.org/debian testing/contrib all Contents (deb) T-2026-07-03-0200.48-F-2026-07-02-0201.54.pdiff [158 B]
Get:92 http://deb.debian.org/debian testing/contrib amd64 Contents (deb) T-2026-06-29-2004.07-F-2026-06-29-1403.04.pdiff [70 B]
Get:93 http://ftp.us.debian.org/debian testing/contrib Sources T-2026-07-03-0200.48-F-2026-06-29-1403.04.pdiff [593 B]
Get:94 http://ftp.us.debian.org/debian testing/non-free-firmware Sources T-2026-06-29-1403.04-F-2026-06-29-1403.04.pdiff [29 B]
Get:95 http://ftp.us.debian.org/debian testing/main amd64 Packages T-2026-07-03-0200.48-F-2026-06-28-2000.43.pdiff [319 kB]
Get:90 http://deb.debian.org/debian testing/contrib Translation-en T-2026-06-29-2004.07-F-2026-06-29-1403.04.pdiff [42 B]
Get:91 http://deb.debian.org/debian testing/contrib all Contents (deb) T-2026-07-03-0200.48-F-2026-07-02-0201.54.pdiff [158 B]
Get:92 http://deb.debian.org/debian testing/contrib amd64 Contents (deb) T-2026-06-29-2004.07-F-2026-06-29-1403.04.pdiff [70 B]
Get:88 http://ftp.us.debian.org/debian testing/main Sources T-2026-07-03-0200.48-F-2026-06-28-2000.43.pdiff [244 kB]
Get:93 http://ftp.us.debian.org/debian testing/contrib Sources T-2026-07-03-0200.48-F-2026-06-29-1403.04.pdiff [593 B]
Get:94 http://ftp.us.debian.org/debian testing/non-free-firmware Sources T-2026-06-29-1403.04-F-2026-06-29-1403.04.pdiff [29 B]
Get:96 http://deb.debian.org/debian unstable/non-free Sources T-2026-07-01-0200.43-F-2026-06-28-2000.43.pdiff [3,017 B]
Get:97 http://deb.debian.org/debian unstable/contrib Sources T-2026-06-30-1401.32-F-2026-06-28-2000.43.pdiff [1,904 B]
Get:98 http://ftp.us.debian.org/debian testing/main Translation-en T-2026-07-03-0200.48-F-2026-06-28-2000.43.pdiff [24.4 kB]
Get:99 http://ftp.us.debian.org/debian testing/main all Contents (deb) T-2026-07-03-0200.48-F-2026-06-28-2000.43.pdiff [366 kB]
Get:96 http://deb.debian.org/debian unstable/non-free Sources T-2026-07-01-0200.43-F-2026-06-28-2000.43.pdiff [3,017 B]
Get:97 http://deb.debian.org/debian unstable/contrib Sources T-2026-06-30-1401.32-F-2026-06-28-2000.43.pdiff [1,904 B]
Get:95 http://ftp.us.debian.org/debian testing/main amd64 Packages T-2026-07-03-0200.48-F-2026-06-28-2000.43.pdiff [319 kB]
Get:98 http://ftp.us.debian.org/debian testing/main Translation-en T-2026-07-03-0200.48-F-2026-06-28-2000.43.pdiff [24.4 kB]
Get:99 http://ftp.us.debian.org/debian testing/main all Contents (deb) T-2026-07-03-0200.48-F-2026-06-28-2000.43.pdiff [366 kB]
Get:100 http://ftp.us.debian.org/debian testing/main amd64 Contents (deb) T-2026-07-03-0200.48-F-2026-06-28-2000.43.pdiff [112 kB]
Get:100 http://ftp.us.debian.org/debian testing/main amd64 Contents (deb) T-2026-07-03-0200.48-F-2026-06-28-2000.43.pdiff [112 kB]
Get:101 http://deb.debian.org/debian unstable/main Sources T-2026-07-03-0200.48-F-2026-06-28-2000.43.pdiff [327 kB]
Get:102 http://ftp.us.debian.org/debian testing/contrib amd64 Packages T-2026-07-03-0200.48-F-2026-06-29-1403.04.pdiff [1,254 B]
Get:102 http://ftp.us.debian.org/debian testing/contrib amd64 Packages T-2026-07-03-0200.48-F-2026-06-29-1403.04.pdiff [1,254 B]
Get:103 http://ftp.us.debian.org/debian testing/contrib Translation-en T-2026-06-29-2004.07-F-2026-06-29-1403.04.pdiff [42 B]
Get:103 http://ftp.us.debian.org/debian testing/contrib Translation-en T-2026-06-29-2004.07-F-2026-06-29-1403.04.pdiff [42 B]
Get:104 http://ftp.us.debian.org/debian testing/contrib amd64 Contents (deb) T-2026-06-29-2004.07-F-2026-06-29-1403.04.pdiff [70 B]
Get:104 http://ftp.us.debian.org/debian testing/contrib amd64 Contents (deb) T-2026-06-29-2004.07-F-2026-06-29-1403.04.pdiff [70 B]
Get:105 http://ftp.us.debian.org/debian testing/contrib all Contents (deb) T-2026-07-03-0200.48-F-2026-07-02-0201.54.pdiff [158 B]
Get:105 http://ftp.us.debian.org/debian testing/contrib all Contents (deb) T-2026-07-03-0200.48-F-2026-07-02-0201.54.pdiff [158 B]
Get:101 http://deb.debian.org/debian unstable/main Sources T-2026-07-03-0200.48-F-2026-06-28-2000.43.pdiff [327 kB]
Get:106 http://ftp.us.debian.org/debian testing/non-free-firmware amd64 Packages T-2026-06-29-1403.04-F-2026-06-29-1403.04.pdiff [31 B]
Get:106 http://ftp.us.debian.org/debian testing/non-free-firmware amd64 Packages T-2026-06-29-1403.04-F-2026-06-29-1403.04.pdiff [31 B]
Get:107 http://ftp.us.debian.org/debian testing/non-free-firmware Translation-en T-2026-06-29-1403.04-F-2026-06-29-1403.04.pdiff [29 B]
Get:107 http://ftp.us.debian.org/debian testing/non-free-firmware Translation-en T-2026-06-29-1403.04-F-2026-06-29-1403.04.pdiff [29 B]
Get:108 http://ftp.us.debian.org/debian testing/non-free-firmware amd64 Contents (deb) T-2026-06-29-1403.04-F-2026-06-29-1403.04.pdiff [52 B]
Get:108 http://ftp.us.debian.org/debian testing/non-free-firmware amd64 Contents (deb) T-2026-06-29-1403.04-F-2026-06-29-1403.04.pdiff [52 B]
Get:109 http://deb.debian.org/debian unstable/main amd64 Packages T-2026-07-03-0200.48-F-2026-06-28-2000.43.pdiff [473 kB]
Get:110 http://ftp.us.debian.org/debian testing/non-free amd64 Packages T-2026-07-01-0200.43-F-2026-06-29-0226.29.pdiff [1,245 B]
Get:110 http://ftp.us.debian.org/debian testing/non-free amd64 Packages T-2026-07-01-0200.43-F-2026-06-29-0226.29.pdiff [1,245 B]
Get:111 http://ftp.us.debian.org/debian testing/non-free Translation-en T-2026-06-29-1403.04-F-2026-06-29-0226.29.pdiff [693 B]
Get:111 http://ftp.us.debian.org/debian testing/non-free Translation-en T-2026-06-29-1403.04-F-2026-06-29-0226.29.pdiff [693 B]
Get:112 http://ftp.us.debian.org/debian testing/non-free amd64 Contents (deb) T-2026-06-29-1403.04-F-2026-06-29-0226.29.pdiff [834 B]
Get:112 http://ftp.us.debian.org/debian testing/non-free amd64 Contents (deb) T-2026-06-29-1403.04-F-2026-06-29-0226.29.pdiff [834 B]
Get:109 http://deb.debian.org/debian unstable/main amd64 Packages T-2026-07-03-0200.48-F-2026-06-28-2000.43.pdiff [473 kB]
Get:113 http://ftp.us.debian.org/debian testing/non-free all Contents (deb) T-2026-07-01-0200.43-F-2026-07-01-0200.43.pdiff [115 B]
Get:113 http://ftp.us.debian.org/debian testing/non-free all Contents (deb) T-2026-07-01-0200.43-F-2026-07-01-0200.43.pdiff [115 B]
Get:114 http://deb.debian.org/debian unstable/main Translation-en T-2026-07-03-0200.48-F-2026-06-29-0226.29.pdiff [20.5 kB]
Get:115 http://deb.debian.org/debian unstable/main amd64 Contents (deb) T-2026-07-03-0200.48-F-2026-06-28-2000.43.pdiff [295 kB]
Get:116 http://deb.debian.org/debian unstable/main all Contents (deb) T-2026-07-03-0200.48-F-2026-06-28-2000.43.pdiff [298 kB]
Get:117 http://deb.debian.org/debian unstable/contrib amd64 Packages T-2026-07-01-0801.37-F-2026-06-28-2000.43.pdiff [2,386 B]
Get:118 http://deb.debian.org/debian unstable/contrib Translation-en T-2026-06-30-2021.51-F-2026-06-29-1403.04.pdiff [389 B]
Get:119 http://deb.debian.org/debian unstable/contrib all Contents (deb) T-2026-06-30-1401.32-F-2026-06-30-1401.32.pdiff [27 B]
Get:120 http://deb.debian.org/debian unstable/contrib amd64 Contents (deb) T-2026-06-30-2021.51-F-2026-06-29-1403.04.pdiff [313 B]
Get:121 http://deb.debian.org/debian unstable/non-free amd64 Packages T-2026-07-01-1400.41-F-2026-06-29-0226.29.pdiff [7,825 B]
Get:122 http://deb.debian.org/debian unstable/non-free amd64 Contents (deb) T-2026-07-01-1400.41-F-2026-06-29-0226.29.pdiff [531 B]
Get:123 http://ftp.us.debian.org/debian testing/main amd64 Components [5,153 kB]
Get:122 http://deb.debian.org/debian unstable/non-free amd64 Contents (deb) T-2026-07-01-1400.41-F-2026-06-29-0226.29.pdiff [531 B]
Get:121 http://deb.debian.org/debian unstable/non-free amd64 Packages T-2026-07-01-1400.41-F-2026-06-29-0226.29.pdiff [7,825 B]
Get:120 http://deb.debian.org/debian unstable/contrib amd64 Contents (deb) T-2026-06-30-2021.51-F-2026-06-29-1403.04.pdiff [313 B]
Get:119 http://deb.debian.org/debian unstable/contrib all Contents (deb) T-2026-06-30-1401.32-F-2026-06-30-1401.32.pdiff [27 B]
Get:114 http://deb.debian.org/debian unstable/main Translation-en T-2026-07-03-0200.48-F-2026-06-29-0226.29.pdiff [20.5 kB]
Get:115 http://deb.debian.org/debian unstable/main amd64 Contents (deb) T-2026-07-03-0200.48-F-2026-06-28-2000.43.pdiff [295 kB]
Get:116 http://deb.debian.org/debian unstable/main all Contents (deb) T-2026-07-03-0200.48-F-2026-06-28-2000.43.pdiff [298 kB]
Get:117 http://deb.debian.org/debian unstable/contrib amd64 Packages T-2026-07-01-0801.37-F-2026-06-28-2000.43.pdiff [2,386 B]
Get:124 http://ftp.us.debian.org/debian testing/main Icons (48x48) [3,603 kB]
Get:125 http://ftp.us.debian.org/debian testing/main Icons (64x64) [7,121 kB]
Get:118 http://deb.debian.org/debian unstable/contrib Translation-en T-2026-06-30-2021.51-F-2026-06-29-1403.04.pdiff [389 B]
Get:126 http://deb.debian.org/debian testing/main amd64 Components [5,153 kB]
Get:127 http://deb.debian.org/debian testing/main Icons (48x48) [3,603 kB]
Get:128 http://deb.debian.org/debian testing/main Icons (64x64) [7,121 kB]
Get:129 http://deb.debian.org/debian testing/main Icons (128x128) [11.4 MB]
Get:130 http://deb.debian.org/debian testing/non-free amd64 Components [5,816 B]
Get:131 http://deb.debian.org/debian testing/non-free-firmware amd64 Components [28.2 kB]
Get:132 http://deb.debian.org/debian testing/contrib amd64 Components [47.1 kB]
Get:133 http://deb.debian.org/debian testing/contrib Icons (48x48) [72.7 kB]
Get:134 http://deb.debian.org/debian testing/contrib Icons (64x64) [149 kB]
Get:135 http://deb.debian.org/debian testing/contrib Icons (128x128) [344 kB]
Get:136 http://deb.debian.org/debian unstable/main amd64 Components [5,382 kB]
Get:137 http://deb.debian.org/debian unstable/main Icons (48x48) [3,800 kB]
Get:138 http://deb.debian.org/debian unstable/main Icons (64x64) [7,587 kB]
Get:139 http://deb.debian.org/debian unstable/main Icons (128x128) [11.9 MB]
Get:140 http://deb.debian.org/debian unstable/contrib amd64 Components [47.7 kB]
Get:141 http://deb.debian.org/debian unstable/non-free amd64 Components [6,328 B]
Get:142 http://mirror.us.cdn-perfprod.com/kali kali-rolling/main amd64 Contents (deb) [53.4 MB]
Get:143 http://ftp.us.debian.org/debian testing/main Icons (128x128) [11.4 MB]
Get:144 http://ftp.us.debian.org/debian testing/contrib amd64 Components [47.1 kB]
Get:145 http://ftp.us.debian.org/debian testing/contrib Icons (48x48) [72.7 kB]
Get:146 http://ftp.us.debian.org/debian testing/contrib Icons (64x64) [149 kB]
Get:147 http://ftp.us.debian.org/debian testing/contrib Icons (128x128) [344 kB]
Get:148 http://ftp.us.debian.org/debian testing/non-free-firmware amd64 Components [28.2 kB]
Get:149 http://ftp.us.debian.org/debian testing/non-free amd64 Components [5,816 B]
Get:150 http://mirror.us.cdn-perfprod.com/kali kali-rolling/contrib amd64 Packages [103 kB]
Get:151 http://mirror.us.cdn-perfprod.com/kali kali-rolling/contrib amd64 Contents (deb) [188 kB]
Get:152 http://mirror.us.cdn-perfprod.com/kali kali-rolling/non-free amd64 Packages [169 kB]
Get:153 http://mirror.us.cdn-perfprod.com/kali kali-rolling/non-free amd64 Contents (deb) [887 kB]
Get:154 http://mirror.us.cdn-perfprod.com/kali kali-rolling/non-free-firmware amd64 Packages [15.4 kB]
Get:155 http://mirror.us.cdn-perfprod.com/kali kali-rolling/non-free-firmware amd64 Contents (deb) [40.1 kB]
Fetched 187 MB in 56s (3,322 kB/s)
Reading package lists...
Building dependency tree...
Reading state information...
184 packages can be upgraded. Run 'apt list --upgradable' to see them.
Reading package lists...
Building dependency tree...
Reading state information...
Calculating upgrade...
Upgrading:
  7zip                           libudev1
  acl                            libudfread3
  at-spi2-common                 libwavpack1
  at-spi2-core                   libwireplumber-0.5-0
  ayatana-indicator-application  libxmlb2
  dhcpcd-base                    libyajl2
  dirmngr                        libzimg2
  enchant                        libzix-0-0
  firefox                        lrzsz
  fonts-font-awesome             minicom
  fonts-font-awesome-legacy      nginx
  gir1.2-atk-1.0                 nginx-common
  gir1.2-atspi-2.0               nodejs
  gir1.2-pango-1.0               nodejs-doc
  gir1.2-peas-1.0                openssh-client
  gir1.2-xmlb-2.0                openssh-client-gssapi
  glycin-loaders                 openssh-server
  glycin-thumbnailers            openssh-sftp-server
  gnupg                          pipx
  gnupg-l10n                     postgresql-18
  gnupg-utils                    postgresql-18-jit
  gnupg2                         postgresql-client-18
  gpg                            publicsuffix
  gpg-agent                      python3-anyio
  gpg-wks-client                 python3-arrow
  gpgconf                        python3-astroid
  gpgsm                          python3-caja
  gpgv                           python3-contourpy
  gstreamer1.0-plugins-bad       python3-cupshelpers
  ibverbs-providers              python3-docx
  ieee-data                      python3-h11
  libacl1                        python3-html5lib
  libasound2-data                python3-httplib2
  libasound2t64                  python3-idna
  libass9                        python3-isoduration
  libatk-bridge2.0-0t64          python3-jinja2
  libatk1.0-0t64                 python3-jwcrypto
  libatopology2t64               python3-kiwisolver
  libatspi2.0-0t64               python3-markdown
  libattr1                       python3-markdown-it
  libavcodec62                   python3-paramiko
  libavfilter11                  python3-passlib
  libavformat62                  python3-pexpect
  libavutil60                    python3-pydantic
  libbytes-random-secure-perl    python3-pydantic-core
  libcap-ng0                     python3-pypdf
  libchromaprint1                python3-pyqt6
  libde265-0                     python3-referencing
  libdrm-amdgpu1                 python3-requests
  libdrm-common                  python3-routes
  libdrm-intel1                  python3-termcolor
  libdrm-nouveau2                python3-tqdm
  libdrm-radeon1                 python3-twisted
  libdrm2                        python3-typeguard
  libenchant-2-2                 python3-typeshed
  libglibmm-2.4-1t64             python3-ufolib2
  libglycin-2-0                  python3-wadllib
  libgstreamer-plugins-bad1.0-0  python3-webencodings
  libgupnp-1.6-0                 python3-webob
  libheif-plugin-aomenc          python3-websocket
  libheif-plugin-dav1d           python3-zc.lockfile
  libheif-plugin-libde265        python3-zope.interface
  libheif1                       ruby-concurrent
  libibverbs1                    ruby-levenshtein
  libjansson4                    ruby-little-plugger
  libjson-c5                     ruby-net-http-digest-auth
  libjsoncpp26                   ruby-nokogiri
  libkf6dbusaddons-bin           ruby-oj
  libkf6dbusaddons-data          ruby-yajl
  libkf6dbusaddons6              socat
  liblerc4                       sqv
  libnode137                     system-config-printer
  libnss-mymachines              system-config-printer-common
  libpam-systemd                 system-config-printer-udev
  libpango-1.0-0                 systemd
  libpangocairo-1.0-0            systemd-container
  libpangoft2-1.0-0              systemd-cryptsetup
  libpangoxft-1.0-0              systemd-sysv
  libpeas-1.0-1                  systemd-timesyncd
  libpq5                         tcl9.0
  librdmacm1t64                  ucf
  librist4                       udev
  libswresample6                 usb.ids
  libswscale9                    vim
  libsystemd-shared              vim-tiny
  libsystemd0                    wireplumber
  libtcl9.0                      xxd

Installing dependencies:
  libx265-216  systemd-tpm

Not upgrading:
  libarrow2300              libonnxruntime1.23  ruby-public-suffix
  libfalcosecurity0t64      libre2-11           ruby-typhoeus
  libgrpc29t64              packagekit
  libonnxruntime-providers  ruby-ethon

Summary:
  Upgrading: 174, Installing: 2, Removing: 0, Not Upgrading: 10
  Download size: 194 MB
  Space needed: 19.4 MB / 170 GB available

Get:1 http://deb.debian.org/debian testing/main amd64 libsystemd0 amd64 261.1-2 [467 kB]
Get:2 http://deb.debian.org/debian testing/main amd64 libsystemd-shared amd64 261.1-2 [2,567 kB]
Get:3 http://deb.debian.org/debian testing/main amd64 systemd amd64 261.1-2 [3,335 kB]
Get:4 http://deb.debian.org/debian testing/main amd64 systemd-tpm amd64 261.1-2 [157 kB]
Get:5 http://deb.debian.org/debian testing/main amd64 libpam-systemd amd64 261.1-2 [316 kB]
Get:6 http://deb.debian.org/debian testing/main amd64 systemd-sysv amd64 261.1-2 [40.4 kB]
Get:7 http://deb.debian.org/debian testing/main amd64 systemd-timesyncd amd64 261.1-2 [70.7 kB]
Get:8 http://deb.debian.org/debian testing/main amd64 systemd-cryptsetup amd64 261.1-2 [156 kB]
Get:9 http://deb.debian.org/debian testing/main amd64 systemd-container amd64 261.1-2 [848 kB]
Get:10 http://deb.debian.org/debian testing/main amd64 udev amd64 261.1-2 [1,477 kB]
Get:11 http://deb.debian.org/debian testing/main amd64 libudev1 amd64 261.1-2 [138 kB]
Get:12 http://deb.debian.org/debian testing/main amd64 acl amd64 2.4.0-1 [67.9 kB]
Get:13 http://deb.debian.org/debian testing/main amd64 libacl1 amd64 2.4.0-1 [37.1 kB]
Get:14 http://deb.debian.org/debian testing/main amd64 libattr1 amd64 1:2.6.0-1 [24.7 kB]
Get:15 http://deb.debian.org/debian testing/main amd64 libcap-ng0 amd64 0.9.3-1+b1 [18.2 kB]
Get:16 http://deb.debian.org/debian testing/main amd64 sqv amd64 1.4.0-1 [683 kB]
Get:17 http://deb.debian.org/debian testing/main amd64 dhcpcd-base amd64 1:10.3.2-4 [206 kB]
Get:18 http://deb.debian.org/debian testing/main amd64 vim-tiny amd64 2:9.2.0524-1+b1 [769 kB]
Get:19 http://deb.debian.org/debian testing/main amd64 openssh-sftp-server amd64 1:10.3p1-5 [67.3 kB]
Get:20 http://deb.debian.org/debian testing/main amd64 ucf all 3.0056 [47.1 kB]
Get:21 http://deb.debian.org/debian testing/main amd64 openssh-server amd64 1:10.3p1-5 [600 kB]
Get:22 http://deb.debian.org/debian testing/main amd64 openssh-client amd64 1:10.3p1-5 [1,006 kB]
Get:23 http://deb.debian.org/debian testing/main amd64 7zip amd64 26.02+dfsg-1 [1,610 kB]
Get:24 http://deb.debian.org/debian testing/main amd64 at-spi2-common all 2.61.0-1 [171 kB]
Get:25 http://deb.debian.org/debian testing/main amd64 gir1.2-atk-1.0 amd64 2.61.0-1 [23.5 kB]
Get:26 http://deb.debian.org/debian testing/main amd64 libatk-bridge2.0-0t64 amd64 2.61.0-1 [67.0 kB]
Get:27 http://deb.debian.org/debian testing/main amd64 libatk1.0-0t64 amd64 2.61.0-1 [49.7 kB]
Get:28 http://deb.debian.org/debian testing/main amd64 gir1.2-atspi-2.0 amd64 2.61.0-1 [23.1 kB]
Get:29 http://deb.debian.org/debian testing/main amd64 at-spi2-core amd64 2.61.0-1 [62.0 kB]
Get:30 http://deb.debian.org/debian testing/main amd64 libatspi2.0-0t64 amd64 2.61.0-1 [82.2 kB]
Get:31 http://deb.debian.org/debian testing/main amd64 gir1.2-pango-1.0 amd64 1.58.0-1 [34.2 kB]
Get:32 http://deb.debian.org/debian testing/main amd64 libpangoxft-1.0-0 amd64 1.58.0-1 [22.3 kB]
Get:33 http://deb.debian.org/debian testing/main amd64 libpangocairo-1.0-0 amd64 1.58.0-1 [34.2 kB]
Get:34 http://deb.debian.org/debian testing/main amd64 libpangoft2-1.0-0 amd64 1.58.0-1 [53.1 kB]
Get:35 http://deb.debian.org/debian testing/main amd64 libpango-1.0-0 amd64 1.58.0-1 [225 kB]
Get:36 http://deb.debian.org/debian testing/main amd64 ayatana-indicator-application amd64 26.6.0-2 [74.7 kB]
Get:37 http://deb.debian.org/debian testing/main amd64 gpg-wks-client amd64 2.4.9-5 [106 kB]
Get:38 http://deb.debian.org/debian testing/main amd64 dirmngr amd64 2.4.9-5 [382 kB]
Get:39 http://deb.debian.org/debian testing/main amd64 gnupg-utils amd64 2.4.9-5 [192 kB]
Get:40 http://deb.debian.org/debian testing/main amd64 gpg-agent amd64 2.4.9-5 [270 kB]
Get:41 http://deb.debian.org/debian testing/main amd64 gpg amd64 2.4.9-5 [636 kB]
Get:42 http://deb.debian.org/debian testing/main amd64 gpgconf amd64 2.4.9-5 [126 kB]
Get:43 http://deb.debian.org/debian testing/main amd64 gnupg all 2.4.9-5 [415 kB]
Get:44 http://deb.debian.org/debian testing/main amd64 gpgsm amd64 2.4.9-5 [275 kB]
Get:45 http://deb.debian.org/debian testing/main amd64 gnupg-l10n all 2.4.9-5 [750 kB]
Get:46 http://deb.debian.org/debian testing/main amd64 libenchant-2-2 amd64 2.8.16+dfsg-4 [67.4 kB]
Get:47 http://deb.debian.org/debian testing/main amd64 enchant amd64 2.8.16+dfsg-4 [26.2 kB]
Get:48 http://deb.debian.org/debian testing/main amd64 libatopology2t64 amd64 1.2.16.1-1 [50.6 kB]
Get:49 http://deb.debian.org/debian testing/main amd64 libasound2t64 amd64 1.2.16.1-1 [397 kB]
Get:50 http://deb.debian.org/debian testing/main amd64 libasound2-data all 1.2.16.1-1 [19.4 kB]
Get:51 http://deb.debian.org/debian unstable/main amd64 firefox amd64 152.0.4-1 [77.5 MB]
Get:52 http://deb.debian.org/debian testing/main amd64 fonts-font-awesome-legacy all 6-3 [1,547 kB]
Get:53 http://deb.debian.org/debian testing/main amd64 fonts-font-awesome all 7.3.0+dfsg-1 [677 kB]
Get:54 http://deb.debian.org/debian testing/main amd64 libpeas-1.0-1 amd64 1.38.1-6+b1 [62.2 kB]
Get:55 http://deb.debian.org/debian testing/main amd64 gir1.2-peas-1.0 amd64 1.38.1-6+b1 [8,848 B]
Get:56 http://deb.debian.org/debian testing/main amd64 libxmlb2 amd64 0.3.28-1 [63.7 kB]
Get:57 http://deb.debian.org/debian testing/main amd64 gir1.2-xmlb-2.0 amd64 0.3.28-1 [9,236 B]
Get:58 http://deb.debian.org/debian testing/main amd64 libde265-0 amd64 1.1.1-1 [201 kB]
Get:59 http://deb.debian.org/debian testing/main amd64 libheif-plugin-dav1d amd64 1.21.2-4+b1 [19.8 kB]
Get:60 http://deb.debian.org/debian testing/main amd64 libheif-plugin-aomenc amd64 1.21.2-4+b1 [28.0 kB]
Get:61 http://deb.debian.org/debian testing/main amd64 libheif1 amd64 1.21.2-4+b1 [648 kB]
Get:62 http://deb.debian.org/debian testing/main amd64 libheif-plugin-libde265 amd64 1.21.2-4+b1 [17.2 kB]
Get:63 http://deb.debian.org/debian testing/main amd64 glycin-loaders amd64 2.1.5+ds-2 [2,733 kB]
Get:64 http://deb.debian.org/debian testing/main amd64 libglycin-2-0 amd64 2.1.5+ds-2 [1,393 kB]
Get:65 http://deb.debian.org/debian testing/main amd64 glycin-thumbnailers amd64 2.1.5+ds-2 [215 kB]
Get:66 http://deb.debian.org/debian testing/main amd64 gnupg2 all 2.4.9-5 [13.2 kB]
Get:67 http://deb.debian.org/debian testing/main amd64 gpgv amd64 2.4.9-5 [240 kB]
Get:68 http://deb.debian.org/debian testing/main amd64 libdrm-common all 2.4.134-2 [7,840 B]
Get:69 http://deb.debian.org/debian testing/main amd64 libdrm2 amd64 2.4.134-2 [38.5 kB]
Get:70 http://deb.debian.org/debian testing/main amd64 gstreamer1.0-plugins-bad amd64 1.28.4-1+b1 [3,365 kB]
Get:71 http://deb.debian.org/debian testing/main amd64 libgstreamer-plugins-bad1.0-0 amd64 1.28.4-1+b1 [991 kB]
Get:72 http://deb.debian.org/debian testing/main amd64 libass9 amd64 1:0.17.5-1 [116 kB]
Get:73 http://deb.debian.org/debian testing/main amd64 libchromaprint1 amd64 1.6.0-3 [43.5 kB]
Get:74 http://deb.debian.org/debian testing/main amd64 libx265-216 amd64 4.2-2 [1,241 kB]
Get:75 http://deb.debian.org/debian testing/main amd64 libibverbs1 amd64 63.0-1.1+b2 [63.2 kB]
Get:76 http://deb.debian.org/debian testing/main amd64 ibverbs-providers amd64 63.0-1.1+b2 [383 kB]
Get:77 http://deb.debian.org/debian testing/main amd64 ieee-data all 20260625 [2,419 kB]
Get:78 http://deb.debian.org/debian testing/main amd64 libswscale9 amd64 7:8.1.2-2+b1 [2,893 kB]
Get:79 http://deb.debian.org/debian testing/main amd64 libswresample6 amd64 7:8.1.2-2+b1 [108 kB]
Get:80 http://deb.debian.org/debian testing/main amd64 libzimg2 amd64 3.0.6+ds1-2 [198 kB]
Get:81 http://deb.debian.org/debian testing/main amd64 libavfilter11 amd64 7:8.1.2-2+b1 [4,595 kB]
Get:82 http://deb.debian.org/debian testing/main amd64 libavformat62 amd64 7:8.1.2-2+b1 [1,276 kB]
Get:83 http://deb.debian.org/debian testing/main amd64 libavcodec62 amd64 7:8.1.2-2+b1 [6,650 kB]
Get:84 http://deb.debian.org/debian testing/main amd64 libavutil60 amd64 7:8.1.2-2+b1 [445 kB]
Get:85 http://deb.debian.org/debian testing/main amd64 librist4 amd64 0.2.18+dfsg-1 [122 kB]
Get:86 http://deb.debian.org/debian testing/main amd64 libbytes-random-secure-perl all 0.29-4 [30.3 kB]
Get:87 http://deb.debian.org/debian testing/main amd64 libdrm-amdgpu1 amd64 2.4.134-2 [23.3 kB]
Get:88 http://deb.debian.org/debian testing/main amd64 libdrm-intel1 amd64 2.4.134-2 [64.2 kB]
Get:89 http://deb.debian.org/debian testing/main amd64 libdrm-nouveau2 amd64 2.4.134-2 [19.4 kB]
Get:90 http://deb.debian.org/debian testing/main amd64 libdrm-radeon1 amd64 2.4.134-2 [21.5 kB]
Get:91 http://deb.debian.org/debian testing/main amd64 libglibmm-2.4-1t64 amd64 2.66.9-1 [633 kB]
Get:92 http://deb.debian.org/debian testing/main amd64 libgupnp-1.6-0 amd64 1.6.10-1 [89.2 kB]
Get:93 http://deb.debian.org/debian testing/main amd64 libjansson4 amd64 2.15.0-1 [65.1 kB]
Get:94 http://deb.debian.org/debian testing/main amd64 libjson-c5 amd64 0.19+ds-1 [46.7 kB]
Get:95 http://deb.debian.org/debian testing/main amd64 libjsoncpp26 amd64 1.9.8-1 [87.3 kB]
Get:96 http://deb.debian.org/debian testing/main amd64 libkf6dbusaddons-bin amd64 6.26.0-1 [11.1 kB]
Get:97 http://deb.debian.org/debian testing/main amd64 libkf6dbusaddons6 amd64 6.26.0-1 [48.7 kB]
Get:98 http://deb.debian.org/debian testing/main amd64 libkf6dbusaddons-data all 6.26.0-1 [20.4 kB]
Get:99 http://deb.debian.org/debian testing/main amd64 liblerc4 amd64 4.1.0+ds-2 [197 kB]
Get:100 http://deb.debian.org/debian testing/main amd64 nodejs amd64 24.18.0+dfsg+~cs24.13.2-1 [389 kB]
Get:101 http://deb.debian.org/debian testing/main amd64 libnode137 amd64 24.18.0+dfsg+~cs24.13.2-1 [14.8 MB]
Get:102 http://deb.debian.org/debian testing/main amd64 libnss-mymachines amd64 261.1-2 [212 kB]
Get:103 http://deb.debian.org/debian testing/main amd64 libpq5 amd64 18.4-1+b1 [260 kB]
Get:104 http://deb.debian.org/debian testing/main amd64 librdmacm1t64 amd64 63.0-1.1+b2 [72.0 kB]
Get:105 http://deb.debian.org/debian testing/main amd64 libtcl9.0 amd64 9.0.4+dfsg-1 [1,148 kB]
Get:106 http://deb.debian.org/debian testing/main amd64 libudfread3 amd64 1.2.0-3 [16.7 kB]
Get:107 http://deb.debian.org/debian testing/main amd64 libwavpack1 amd64 5.9.0-2 [93.5 kB]
Get:108 http://deb.debian.org/debian testing/main amd64 wireplumber amd64 0.5.15-1 [137 kB]
Get:109 http://deb.debian.org/debian testing/main amd64 libwireplumber-0.5-0 amd64 0.5.15-1 [308 kB]
Get:110 http://deb.debian.org/debian testing/main amd64 libyajl2 amd64 2.1.0-6 [23.6 kB]
Get:111 http://deb.debian.org/debian testing/main amd64 libzix-0-0 amd64 0.8.2-1 [23.9 kB]
Get:112 http://deb.debian.org/debian testing/main amd64 lrzsz amd64 0.12.21rc-4 [86.7 kB]
Get:113 http://deb.debian.org/debian testing/main amd64 minicom amd64 2.11.1-2 [261 kB]
Get:114 http://deb.debian.org/debian testing/main amd64 nginx amd64 1.30.1-6 [647 kB]
Get:115 http://deb.debian.org/debian testing/main amd64 nginx-common all 1.30.1-6 [109 kB]
Get:116 http://deb.debian.org/debian testing/main amd64 nodejs-doc all 24.18.0+dfsg+~cs24.13.2-1 [6,885 kB]
Get:117 http://deb.debian.org/debian testing/main amd64 openssh-client-gssapi all 1:10.3p1-5 [164 kB]
Get:118 http://deb.debian.org/debian testing/main amd64 pipx all 1.15.0-1 [890 kB]
Get:119 http://deb.debian.org/debian testing/main amd64 postgresql-18-jit amd64 18.4-1+b1 [9,862 kB]
Get:120 http://deb.debian.org/debian testing/main amd64 postgresql-18 amd64 18.4-1+b1 [7,283 kB]
Get:121 http://deb.debian.org/debian testing/main amd64 postgresql-client-18 amd64 18.4-1+b1 [2,121 kB]
Get:122 http://deb.debian.org/debian testing/main amd64 publicsuffix all 20260624.0617-1 [323 kB]
Get:123 http://deb.debian.org/debian testing/main amd64 python3-idna all 3.18-1 [41.6 kB]
Get:124 http://deb.debian.org/debian testing/main amd64 python3-anyio all 4.12.1-3 [75.2 kB]
Get:125 http://deb.debian.org/debian testing/main amd64 python3-arrow all 1.4.0-3 [67.2 kB]
Get:126 http://deb.debian.org/debian testing/main amd64 python3-astroid all 4.1.1-2 [213 kB]
Get:127 http://deb.debian.org/debian testing/main amd64 python3-caja amd64 1.26.0-2+b1 [14.2 kB]
Get:128 http://deb.debian.org/debian testing/main amd64 python3-contourpy amd64 1.3.3-2 [298 kB]
Get:129 http://deb.debian.org/debian testing/main amd64 system-config-printer all 1.5.18-5 [183 kB]
Get:130 http://deb.debian.org/debian testing/main amd64 system-config-printer-common all 1.5.18-5 [801 kB]
Get:131 http://deb.debian.org/debian testing/main amd64 python3-cupshelpers all 1.5.18-5 [127 kB]
Get:132 http://deb.debian.org/debian testing/main amd64 python3-docx all 1.2.0+dfsg-4 [164 kB]
Get:133 http://deb.debian.org/debian testing/main amd64 python3-h11 all 0.16.0-2 [50.0 kB]
Get:134 http://deb.debian.org/debian testing/main amd64 python3-webencodings all 0.5.1-6 [11.2 kB]
Get:135 http://deb.debian.org/debian testing/main amd64 python3-html5lib all 1.2-4 [91.7 kB]
Get:136 http://deb.debian.org/debian testing/main amd64 python3-httplib2 all 0.32.0-1 [33.2 kB]
Get:137 http://deb.debian.org/debian testing/main amd64 python3-isoduration all 20.11.0+git20211126.ae0bd61-3 [12.6 kB]
Get:138 http://deb.debian.org/debian testing/main amd64 python3-jinja2 all 3.1.6-3 [106 kB]
Get:139 http://deb.debian.org/debian testing/main amd64 python3-jwcrypto all 1.5.6-1.1 [31.8 kB]
Get:140 http://deb.debian.org/debian testing/main amd64 python3-kiwisolver amd64 1.5.0-2 [72.4 kB]
Get:141 http://deb.debian.org/debian testing/main amd64 python3-markdown all 3.10.2-2 [86.9 kB]
Get:142 http://deb.debian.org/debian testing/main amd64 python3-markdown-it all 4.2.0-3 [63.7 kB]
Get:143 http://deb.debian.org/debian testing/main amd64 python3-paramiko all 4.0.0-3 [142 kB]
Get:144 http://deb.debian.org/debian testing/main amd64 python3-passlib all 1.9.3-2 [536 kB]
Get:145 http://deb.debian.org/debian testing/main amd64 python3-pexpect all 4.9-5 [54.8 kB]
Get:146 http://deb.debian.org/debian testing/main amd64 python3-pydantic-core amd64 2.46.4-2 [2,083 kB]
Get:147 http://deb.debian.org/debian testing/main amd64 python3-pydantic amd64 2.13.4-3 [388 kB]
Get:148 http://deb.debian.org/debian testing/main amd64 python3-pypdf all 6.9.2-2 [259 kB]
Get:149 http://deb.debian.org/debian testing/main amd64 python3-pyqt6 amd64 6.11.0-2+b1 [2,660 kB]
Get:150 http://deb.debian.org/debian testing/main amd64 python3-referencing all 0.37.0+~2025.1.1-3 [24.1 kB]
Get:151 http://deb.debian.org/debian testing/main amd64 python3-requests all 2.32.5+dfsg-2 [71.1 kB]
Get:152 http://deb.debian.org/debian testing/main amd64 python3-routes all 2.5.1-8 [97.4 kB]
Get:153 http://deb.debian.org/debian testing/main amd64 python3-termcolor all 2.4.0-3 [9,268 B]
Get:154 http://deb.debian.org/debian testing/main amd64 python3-tqdm all 4.68.3-2 [90.5 kB]
Get:155 http://deb.debian.org/debian testing/main amd64 python3-zope.interface amd64 8.5-3 [158 kB]
Get:156 http://deb.debian.org/debian testing/main amd64 python3-twisted all 26.4.0-3 [2,069 kB]
Get:157 http://deb.debian.org/debian testing/main amd64 python3-typeguard all 4.4.4-3 [37.1 kB]
Get:158 http://deb.debian.org/debian testing/main amd64 python3-typeshed all 0.0~git20260204.516eed0-2 [1,789 kB]
Get:159 http://deb.debian.org/debian testing/main amd64 python3-ufolib2 all 0.18.1+dfsg1-2 [32.3 kB]
Get:160 http://deb.debian.org/debian testing/main amd64 python3-wadllib all 2.0.0-4 [37.0 kB]
Get:161 http://deb.debian.org/debian testing/main amd64 python3-webob all 1:1.8.9-2 [88.7 kB]
Get:162 http://deb.debian.org/debian testing/main amd64 python3-websocket all 1.9.0-4 [57.8 kB]
Get:163 http://deb.debian.org/debian testing/main amd64 python3-zc.lockfile all 4.0-3 [8,396 B]
Get:164 http://deb.debian.org/debian testing/main amd64 ruby-concurrent all 1.3.7-4 [330 kB]
Get:165 http://deb.debian.org/debian testing/main amd64 ruby-levenshtein amd64 0.2.2-4 [7,696 B]
Get:166 http://deb.debian.org/debian testing/main amd64 ruby-little-plugger all 1.1.4-3 [8,028 B]
Get:167 http://deb.debian.org/debian testing/main amd64 ruby-net-http-digest-auth all 1.4.1-2 [7,972 B]
Get:168 http://deb.debian.org/debian testing/main amd64 ruby-nokogiri amd64 1.19.4+dfsg-1 [244 kB]
Get:169 http://deb.debian.org/debian testing/main amd64 ruby-oj amd64 3.17.3-1 [195 kB]
Get:170 http://deb.debian.org/debian testing/main amd64 ruby-yajl amd64 1.4.3-2 [141 kB]
Get:171 http://deb.debian.org/debian testing/main amd64 socat amd64 1.8.1.3-2 [438 kB]
Get:172 http://deb.debian.org/debian testing/main amd64 system-config-printer-udev amd64 1.5.18-5 [115 kB]
Get:173 http://deb.debian.org/debian testing/main amd64 tcl9.0 amd64 9.0.4+dfsg-1 [27.4 kB]
Get:174 http://deb.debian.org/debian testing/main amd64 usb.ids all 2026.06.26-1 [209 kB]
Get:175 http://deb.debian.org/debian testing/main amd64 vim amd64 2:9.2.0524-1+b1 [1,746 kB]
Get:176 http://deb.debian.org/debian testing/main amd64 xxd amd64 2:9.2.0524-1+b1 [64.7 kB]
Preconfiguring packages ...
Fetched 194 MB in 10s (19.8 MB/s)
(Reading database… (Reading database… 5%(Reading database… 10%(Reading database… 15%(Reading database… 20%(Reading database… 25%(Reading database… 30%(Reading database… 35%(Reading database… 40%(Reading database… 45%(Reading database… 50%(Reading database… 55%(Reading database… 60%(Reading database… 65%(Reading database… 70%(Reading database… 75%(Reading database… 80%(Reading database… 85%(Reading database… 90%(Reading database… 95%(Reading database… 100%(Reading database… 570963 files and directories currently installed.)
Preparing to unpack …/libsystemd0_261.1-2_amd64.deb…
Unpacking libsystemd0:amd64 (261.1-2) over (261-1)…
Setting up libsystemd0:amd64 (261.1-2)…
(Reading database… (Reading database… 5%(Reading database… 10%(Reading database… 15%(Reading database… 20%(Reading database… 25%(Reading database… 30%(Reading database… 35%(Reading database… 40%(Reading database… 45%(Reading database… 50%(Reading database… 55%(Reading database… 60%(Reading database… 65%(Reading database… 70%(Reading database… 75%(Reading database… 80%(Reading database… 85%(Reading database… 90%(Reading database… 95%(Reading database… 100%(Reading database… 570963 files and directories currently installed.)
Preparing to unpack …/libsystemd-shared_261.1-2_amd64.deb…
Unpacking libsystemd-shared:amd64 (261.1-2) over (261-1)…
Setting up libsystemd-shared:amd64 (261.1-2)…
(Reading database… (Reading database… 5%(Reading database… 10%(Reading database… 15%(Reading database… 20%(Reading database… 25%(Reading database… 30%(Reading database… 35%(Reading database… 40%(Reading database… 45%(Reading database… 50%(Reading database… 55%(Reading database… 60%(Reading database… 65%(Reading database… 70%(Reading database… 75%(Reading database… 80%(Reading database… 85%(Reading database… 90%(Reading database… 95%(Reading database… 100%(Reading database… 570963 files and directories currently installed.)
Preparing to unpack …/systemd_261.1-2_amd64.deb…
Unpacking systemd (261.1-2) over (261-1)…
Selecting previously unselected package systemd-tpm.
Preparing to unpack …/systemd-tpm_261.1-2_amd64.deb…
Unpacking systemd-tpm (261.1-2)…
Preparing to unpack …/libpam-systemd_261.1-2_amd64.deb…
Unpacking libpam-systemd:amd64 (261.1-2) over (261-1)…
Setting up systemd-tpm (261.1-2)…
Setting up systemd (261.1-2)…
Failed to connect to system scope bus via local transport: Connection refused
Failed to connect to system scope bus via local transport: Connection refused
(Reading database… (Reading database… 5%(Reading database… 10%(Reading database… 15%(Reading database… 20%(Reading database… 25%(Reading database… 30%(Reading database… 35%(Reading database… 40%(Reading database… 45%(Reading database… 50%(Reading database… 55%(Reading database… 60%(Reading database… 65%(Reading database… 70%(Reading database… 75%(Reading database… 80%(Reading database… 85%(Reading database… 90%(Reading database… 95%(Reading database… 100%(Reading database… 570944 files and directories currently installed.)
Preparing to unpack …/0-systemd-sysv_261.1-2_amd64.deb…
Unpacking systemd-sysv (261.1-2) over (261-1)…
Preparing to unpack …/1-systemd-timesyncd_261.1-2_amd64.deb…
Unpacking systemd-timesyncd (261.1-2) over (261-1)…
Preparing to unpack …/2-systemd-cryptsetup_261.1-2_amd64.deb…
Unpacking systemd-cryptsetup (261.1-2) over (261-1)…
Preparing to unpack …/3-systemd-container_261.1-2_amd64.deb…
Unpacking systemd-container (261.1-2) over (261-1)…
Preparing to unpack …/4-udev_261.1-2_amd64.deb…
Unpacking udev (261.1-2) over (261-1)…
Preparing to unpack …/5-libudev1_261.1-2_amd64.deb…
Unpacking libudev1:amd64 (261.1-2) over (261-1)…
Setting up libudev1:amd64 (261.1-2)…
(Reading database… (Reading database… 5%(Reading database… 10%(Reading database… 15%(Reading database… 20%(Reading database… 25%(Reading database… 30%(Reading database… 35%(Reading database… 40%(Reading database… 45%(Reading database… 50%(Reading database… 55%(Reading database… 60%(Reading database… 65%(Reading database… 70%(Reading database… 75%(Reading database… 80%(Reading database… 85%(Reading database… 90%(Reading database… 95%(Reading database… 100%(Reading database… 570944 files and directories currently installed.)
Preparing to unpack …/archives/acl_2.4.0-1_amd64.deb…
Unpacking acl (2.4.0-1) over (2.3.2-3)…
Preparing to unpack …/libacl1_2.4.0-1_amd64.deb…
Unpacking libacl1:amd64 (2.4.0-1) over (2.3.2-3)…
Setting up libacl1:amd64 (2.4.0-1)…
(Reading database… (Reading database… 5%(Reading database… 10%(Reading database… 15%(Reading database… 20%(Reading database… 25%(Reading database… 30%(Reading database… 35%(Reading database… 40%(Reading database… 45%(Reading database… 50%(Reading database… 55%(Reading database… 60%(Reading database… 65%(Reading database… 70%(Reading database… 75%(Reading database… 80%(Reading database… 85%(Reading database… 90%(Reading database… 95%(Reading database… 100%(Reading database… 570944 files and directories currently installed.)
Preparing to unpack …/libattr1_1%3a2.6.0-1_amd64.deb…
Unpacking libattr1:amd64 (1:2.6.0-1) over (1:2.5.2-4)…
Setting up libattr1:amd64 (1:2.6.0-1)…
Installing new version of config file /etc/xattr.conf…
(Reading database… (Reading database… 5%(Reading database… 10%(Reading database… 15%(Reading database… 20%(Reading database… 25%(Reading database… 30%(Reading database… 35%(Reading database… 40%(Reading database… 45%(Reading database… 50%(Reading database… 55%(Reading database… 60%(Reading database… 65%(Reading database… 70%(Reading database… 75%(Reading database… 80%(Reading database… 85%(Reading database… 90%(Reading database… 95%(Reading database… 100%(Reading database… 570944 files and directories currently installed.)
Preparing to unpack …/libcap-ng0_0.9.3-1+b1_amd64.deb…
Unpacking libcap-ng0:amd64 (0.9.3-1+b1) over (0.9.3-1)…
Setting up libcap-ng0:amd64 (0.9.3-1+b1)…
(Reading database… (Reading database… 5%(Reading database… 10%(Reading database… 15%(Reading database… 20%(Reading database… 25%(Reading database… 30%(Reading database… 35%(Reading database… 40%(Reading database… 45%(Reading database… 50%(Reading database… 55%(Reading database… 60%(Reading database… 65%(Reading database… 70%(Reading database… 75%(Reading database… 80%(Reading database… 85%(Reading database… 90%(Reading database… 95%(Reading database… 100%(Reading database… 570945 files and directories currently installed.)
Preparing to unpack …/archives/sqv_1.4.0-1_amd64.deb…
Unpacking sqv (1.4.0-1) over (1.3.0-5+b2)…
Setting up sqv (1.4.0-1)…
(Reading database… (Reading database… 5%(Reading database… 10%(Reading database… 15%(Reading database… 20%(Reading database… 25%(Reading database… 30%(Reading database… 35%(Reading database… 40%(Reading database… 45%(Reading database… 50%(Reading database… 55%(Reading database… 60%(Reading database… 65%(Reading database… 70%(Reading database… 75%(Reading database… 80%(Reading database… 85%(Reading database… 90%(Reading database… 95%(Reading database… 100%(Reading database… 570944 files and directories currently installed.)
Preparing to unpack …/000-dhcpcd-base_1%3a10.3.2-4_amd64.deb…
Unpacking dhcpcd-base (1:10.3.2-4) over (1:10.3.2-3)…
Preparing to unpack …/001-vim-tiny_2%3a9.2.0524-1+b1_amd64.deb…
Unpacking vim-tiny (2:9.2.0524-1+b1) over (2:9.2.0524-1)…
Preparing to unpack …/002-openssh-sftp-server_1%3a10.3p1-5_amd64.deb…
Unpacking openssh-sftp-server (1:10.3p1-5) over (1:10.3p1-4)…
Preparing to unpack …/003-ucf_3.0056_all.deb…
Unpacking ucf (3.0056) over (3.0053)…
Preparing to unpack …/004-openssh-server_1%3a10.3p1-5_amd64.deb…
Unpacking openssh-server (1:10.3p1-5) over (1:10.3p1-4)…
Preparing to unpack …/005-openssh-client_1%3a10.3p1-5_amd64.deb…
Unpacking openssh-client (1:10.3p1-5) over (1:10.3p1-4)…
Preparing to unpack …/006-7zip_26.02+dfsg-1_amd64.deb…
Unpacking 7zip (26.02+dfsg-1) over (26.01+dfsg-3)…
Preparing to unpack …/007-at-spi2-common_2.61.0-1_all.deb…
Unpacking at-spi2-common (2.61.0-1) over (2.60.4-1)…
Preparing to unpack …/008-gir1.2-atk-1.0_2.61.0-1_amd64.deb…
Unpacking gir1.2-atk-1.0:amd64 (2.61.0-1) over (2.60.4-1)…
Preparing to unpack …/009-libatk-bridge2.0-0t64_2.61.0-1_amd64.deb…
Unpacking libatk-bridge2.0-0t64:amd64 (2.61.0-1) over (2.60.4-1)…
Preparing to unpack …/010-libatk1.0-0t64_2.61.0-1_amd64.deb…
Unpacking libatk1.0-0t64:amd64 (2.61.0-1) over (2.60.4-1)…
Preparing to unpack …/011-gir1.2-atspi-2.0_2.61.0-1_amd64.deb…
Unpacking gir1.2-atspi-2.0:amd64 (2.61.0-1) over (2.60.4-1)…
Preparing to unpack …/012-at-spi2-core_2.61.0-1_amd64.deb…
Unpacking at-spi2-core (2.61.0-1) over (2.60.4-1)…
Preparing to unpack …/013-libatspi2.0-0t64_2.61.0-1_amd64.deb…
Unpacking libatspi2.0-0t64:amd64 (2.61.0-1) over (2.60.4-1)…
Preparing to unpack …/014-gir1.2-pango-1.0_1.58.0-1_amd64.deb…
Unpacking gir1.2-pango-1.0:amd64 (1.58.0-1) over (1.57.1-2)…
Preparing to unpack …/015-libpangoxft-1.0-0_1.58.0-1_amd64.deb…
Unpacking libpangoxft-1.0-0:amd64 (1.58.0-1) over (1.57.1-2)…
Preparing to unpack …/016-libpangocairo-1.0-0_1.58.0-1_amd64.deb…
Unpacking libpangocairo-1.0-0:amd64 (1.58.0-1) over (1.57.1-2)…
Preparing to unpack …/017-libpangoft2-1.0-0_1.58.0-1_amd64.deb…
Unpacking libpangoft2-1.0-0:amd64 (1.58.0-1) over (1.57.1-2)…
Preparing to unpack …/018-libpango-1.0-0_1.58.0-1_amd64.deb…
Unpacking libpango-1.0-0:amd64 (1.58.0-1) over (1.57.1-2)…
Preparing to unpack …/019-ayatana-indicator-application_26.6.0-2_amd64.deb…
Unpacking ayatana-indicator-application (26.6.0-2) over (26.6.0-1)…
Preparing to unpack …/020-gpg-wks-client_2.4.9-5_amd64.deb…
Unpacking gpg-wks-client (2.4.9-5) over (2.4.9-4)…
Preparing to unpack …/021-dirmngr_2.4.9-5_amd64.deb…
Unpacking dirmngr (2.4.9-5) over (2.4.9-4)…
Preparing to unpack …/022-gnupg-utils_2.4.9-5_amd64.deb…
Unpacking gnupg-utils (2.4.9-5) over (2.4.9-4)…
Preparing to unpack …/023-gpg-agent_2.4.9-5_amd64.deb…
Unpacking gpg-agent (2.4.9-5) over (2.4.9-4)…
Preparing to unpack …/024-gpg_2.4.9-5_amd64.deb…
Unpacking gpg (2.4.9-5) over (2.4.9-4)…
Preparing to unpack …/025-gpgconf_2.4.9-5_amd64.deb…
Unpacking gpgconf (2.4.9-5) over (2.4.9-4)…
Preparing to unpack …/026-gnupg_2.4.9-5_all.deb…
Unpacking gnupg (2.4.9-5) over (2.4.9-4)…
Preparing to unpack …/027-gpgsm_2.4.9-5_amd64.deb…
Unpacking gpgsm (2.4.9-5) over (2.4.9-4)…
Preparing to unpack …/028-gnupg-l10n_2.4.9-5_all.deb…
Unpacking gnupg-l10n (2.4.9-5) over (2.4.9-4)…
Preparing to unpack …/029-libenchant-2-2_2.8.16+dfsg-4_amd64.deb…
Unpacking libenchant-2-2:amd64 (2.8.16+dfsg-4) over (2.8.16+dfsg-3)…
Preparing to unpack …/030-enchant_2.8.16+dfsg-4_amd64.deb…
Unpacking enchant (2.8.16+dfsg-4) over (2.8.16+dfsg-3)…
Preparing to unpack …/031-libatopology2t64_1.2.16.1-1_amd64.deb…
Unpacking libatopology2t64:amd64 (1.2.16.1-1) over (1.2.16-1)…
Preparing to unpack …/032-libasound2t64_1.2.16.1-1_amd64.deb…
Unpacking libasound2t64:amd64 (1.2.16.1-1) over (1.2.16-1)…
Preparing to unpack …/033-libasound2-data_1.2.16.1-1_all.deb…
Unpacking libasound2-data (1.2.16.1-1) over (1.2.16-1)…
Preparing to unpack …/034-firefox_152.0.4-1_amd64.deb…
Unpacking firefox (152.0.4-1) over (152.0.3-1)…
Preparing to unpack …/035-fonts-font-awesome-legacy_6-3_all.deb…
Unpacking fonts-font-awesome-legacy (6-3) over (6-1)…
Preparing to unpack …/036-fonts-font-awesome_7.3.0+dfsg-1_all.deb…
Unpacking fonts-font-awesome (7.3.0+dfsg-1) over (7.2.0+dfsg-1)…
Preparing to unpack …/037-libpeas-1.0-1_1.38.1-6+b1_amd64.deb…
Unpacking libpeas-1.0-1:amd64 (1.38.1-6+b1) over (1.38.1-6)…
Preparing to unpack …/038-gir1.2-peas-1.0_1.38.1-6+b1_amd64.deb…
Unpacking gir1.2-peas-1.0:amd64 (1.38.1-6+b1) over (1.38.1-6)…
Preparing to unpack …/039-libxmlb2_0.3.28-1_amd64.deb…
Unpacking libxmlb2:amd64 (0.3.28-1) over (0.3.24-2+b1)…
Preparing to unpack …/040-gir1.2-xmlb-2.0_0.3.28-1_amd64.deb…
Unpacking gir1.2-xmlb-2.0:amd64 (0.3.28-1) over (0.3.24-2+b1)…
Preparing to unpack …/041-libde265-0_1.1.1-1_amd64.deb…
Unpacking libde265-0:amd64 (1.1.1-1) over (1.0.18-1)…
Preparing to unpack …/042-libheif-plugin-dav1d_1.21.2-4+b1_amd64.deb…
Unpacking libheif-plugin-dav1d:amd64 (1.21.2-4+b1) over (1.21.2-4)…
Preparing to unpack …/043-libheif-plugin-aomenc_1.21.2-4+b1_amd64.deb…
Unpacking libheif-plugin-aomenc:amd64 (1.21.2-4+b1) over (1.21.2-4)…
Preparing to unpack …/044-libheif1_1.21.2-4+b1_amd64.deb…
Unpacking libheif1:amd64 (1.21.2-4+b1) over (1.21.2-4)…
Preparing to unpack …/045-libheif-plugin-libde265_1.21.2-4+b1_amd64.deb…
Unpacking libheif-plugin-libde265:amd64 (1.21.2-4+b1) over (1.21.2-4)…
Preparing to unpack …/046-glycin-loaders_2.1.5+ds-2_amd64.deb…
Unpacking glycin-loaders (2.1.5+ds-2) over (2.1.2+ds-2)…
Preparing to unpack …/047-libglycin-2-0_2.1.5+ds-2_amd64.deb…
Unpacking libglycin-2-0:amd64 (2.1.5+ds-2) over (2.1.2+ds-2)…
Preparing to unpack …/048-glycin-thumbnailers_2.1.5+ds-2_amd64.deb…
Unpacking glycin-thumbnailers (2.1.5+ds-2) over (2.1.2+ds-2)…
Preparing to unpack …/049-gnupg2_2.4.9-5_all.deb…
Unpacking gnupg2 (2.4.9-5) over (2.4.9-4)…
Preparing to unpack …/050-gpgv_2.4.9-5_amd64.deb…
Unpacking gpgv (2.4.9-5) over (2.4.9-4)…
Preparing to unpack …/051-libdrm-common_2.4.134-2_all.deb…
Unpacking libdrm-common (2.4.134-2) over (2.4.134-1)…
Preparing to unpack …/052-libdrm2_2.4.134-2_amd64.deb…
Unpacking libdrm2:amd64 (2.4.134-2) over (2.4.134-1)…
Preparing to unpack …/053-gstreamer1.0-plugins-bad_1.28.4-1+b1_amd64.deb…
Unpacking gstreamer1.0-plugins-bad:amd64 (1.28.4-1+b1) over (1.28.4-1)…
Preparing to unpack …/054-libgstreamer-plugins-bad1.0-0_1.28.4-1+b1_amd64.deb…
Unpacking libgstreamer-plugins-bad1.0-0:amd64 (1.28.4-1+b1) over (1.28.4-1)…
Preparing to unpack …/055-libass9_1%3a0.17.5-1_amd64.deb…
Unpacking libass9:amd64 (1:0.17.5-1) over (1:0.17.4-2+b2)…
Preparing to unpack …/056-libchromaprint1_1.6.0-3_amd64.deb…
Unpacking libchromaprint1:amd64 (1.6.0-3) over (1.6.0-2+b1)…
Selecting previously unselected package libx265-216:amd64.
Preparing to unpack …/057-libx265-216_4.2-2_amd64.deb…
Unpacking libx265-216:amd64 (4.2-2)…
Preparing to unpack …/058-libibverbs1_63.0-1.1+b2_amd64.deb…
Unpacking libibverbs1:amd64 (63.0-1.1+b2) over (61.0-2)…
Preparing to unpack …/059-ibverbs-providers_63.0-1.1+b2_amd64.deb…
Unpacking ibverbs-providers:amd64 (63.0-1.1+b2) over (61.0-2)…
Preparing to unpack …/060-ieee-data_20260625_all.deb…
Unpacking ieee-data (20260625) over (20240722)…
Preparing to unpack …/061-libswscale9_7%3a8.1.2-2+b1_amd64.deb…
Unpacking libswscale9:amd64 (7:8.1.2-2+b1) over (7:8.1.2-2)…
Preparing to unpack …/062-libswresample6_7%3a8.1.2-2+b1_amd64.deb…
Unpacking libswresample6:amd64 (7:8.1.2-2+b1) over (7:8.1.2-2)…
Preparing to unpack …/063-libzimg2_3.0.6+ds1-2_amd64.deb…
Unpacking libzimg2:amd64 (3.0.6+ds1-2) over (3.0.6+ds1-1+b2)…
Preparing to unpack …/064-libavfilter11_7%3a8.1.2-2+b1_amd64.deb…
Unpacking libavfilter11:amd64 (7:8.1.2-2+b1) over (7:8.1.2-2)…
Preparing to unpack …/065-libavformat62_7%3a8.1.2-2+b1_amd64.deb…
Unpacking libavformat62:amd64 (7:8.1.2-2+b1) over (7:8.1.2-2)…
Preparing to unpack …/066-libavcodec62_7%3a8.1.2-2+b1_amd64.deb…
Unpacking libavcodec62:amd64 (7:8.1.2-2+b1) over (7:8.1.2-2)…
Preparing to unpack …/067-libavutil60_7%3a8.1.2-2+b1_amd64.deb…
Unpacking libavutil60:amd64 (7:8.1.2-2+b1) over (7:8.1.2-2)…
Preparing to unpack …/068-librist4_0.2.18+dfsg-1_amd64.deb…
Unpacking librist4:amd64 (0.2.18+dfsg-1) over (0.2.17+dfsg-1)…
Preparing to unpack …/069-libbytes-random-secure-perl_0.29-4_all.deb…
Unpacking libbytes-random-secure-perl (0.29-4) over (0.29-3)…
Preparing to unpack …/070-libdrm-amdgpu1_2.4.134-2_amd64.deb…
Unpacking libdrm-amdgpu1:amd64 (2.4.134-2) over (2.4.134-1)…
Preparing to unpack …/071-libdrm-intel1_2.4.134-2_amd64.deb…
Unpacking libdrm-intel1:amd64 (2.4.134-2) over (2.4.134-1)…
Preparing to unpack …/072-libdrm-nouveau2_2.4.134-2_amd64.deb…
Unpacking libdrm-nouveau2:amd64 (2.4.134-2) over (2.4.134-1)…
Preparing to unpack …/073-libdrm-radeon1_2.4.134-2_amd64.deb…
Unpacking libdrm-radeon1:amd64 (2.4.134-2) over (2.4.134-1)…
Preparing to unpack …/074-libglibmm-2.4-1t64_2.66.9-1_amd64.deb…
Unpacking libglibmm-2.4-1t64:amd64 (2.66.9-1) over (2.66.8-3)…
Preparing to unpack …/075-libgupnp-1.6-0_1.6.10-1_amd64.deb…
Unpacking libgupnp-1.6-0:amd64 (1.6.10-1) over (1.6.9-4+b1)…
Preparing to unpack …/076-libjansson4_2.15.0-1_amd64.deb…
Unpacking libjansson4:amd64 (2.15.0-1) over (2.14-2+b4)…
Preparing to unpack …/077-libjson-c5_0.19+ds-1_amd64.deb…
Unpacking libjson-c5:amd64 (0.19+ds-1) over (0.18+ds-3)…
Preparing to unpack …/078-libjsoncpp26_1.9.8-1_amd64.deb…
Unpacking libjsoncpp26:amd64 (1.9.8-1) over (1.9.7-4)…
Preparing to unpack …/079-libkf6dbusaddons-bin_6.26.0-1_amd64.deb…
Unpacking libkf6dbusaddons-bin (6.26.0-1) over (6.23.0-2)…
Preparing to unpack …/080-libkf6dbusaddons6_6.26.0-1_amd64.deb…
Unpacking libkf6dbusaddons6:amd64 (6.26.0-1) over (6.23.0-2)…
Preparing to unpack …/081-libkf6dbusaddons-data_6.26.0-1_all.deb…
Unpacking libkf6dbusaddons-data (6.26.0-1) over (6.23.0-2)…
Preparing to unpack …/082-liblerc4_4.1.0+ds-2_amd64.deb…
Unpacking liblerc4:amd64 (4.1.0+ds-2) over (4.1.0+ds-1)…
Preparing to unpack …/083-nodejs_24.18.0+dfsg+~cs24.13.2-1_amd64.deb…
Unpacking nodejs (24.18.0+dfsg+~cs24.13.2-1) over (24.17.0+dfsg+~cs24.13.2-1)…
Preparing to unpack …/084-libnode137_24.18.0+dfsg+~cs24.13.2-1_amd64.deb…
Unpacking libnode137:amd64 (24.18.0+dfsg+~cs24.13.2-1) over (24.17.0+dfsg+~cs24.13.2-1)…
Preparing to unpack …/085-libnss-mymachines_261.1-2_amd64.deb…
Unpacking libnss-mymachines:amd64 (261.1-2) over (261-1)…
Preparing to unpack …/086-libpq5_18.4-1+b1_amd64.deb…
Unpacking libpq5:amd64 (18.4-1+b1) over (18.4-1)…
Preparing to unpack …/087-librdmacm1t64_63.0-1.1+b2_amd64.deb…
Unpacking librdmacm1t64:amd64 (63.0-1.1+b2) over (61.0-2)…
Preparing to unpack …/088-libtcl9.0_9.0.4+dfsg-1_amd64.deb…
Unpacking libtcl9.0:amd64 (9.0.4+dfsg-1) over (9.0.3+dfsg-1+b1)…
Preparing to unpack …/089-libudfread3_1.2.0-3_amd64.deb…
Unpacking libudfread3:amd64 (1.2.0-3) over (1.2.0-2+b2)…
Preparing to unpack …/090-libwavpack1_5.9.0-2_amd64.deb…
Unpacking libwavpack1:amd64 (5.9.0-2) over (5.9.0-1+b1)…
Preparing to unpack …/091-wireplumber_0.5.15-1_amd64.deb…
Unpacking wireplumber (0.5.15-1) over (0.5.14-1)…
Preparing to unpack …/092-libwireplumber-0.5-0_0.5.15-1_amd64.deb…
Unpacking libwireplumber-0.5-0:amd64 (0.5.15-1) over (0.5.14-1)…
Preparing to unpack …/093-libyajl2_2.1.0-6_amd64.deb…
Unpacking libyajl2:amd64 (2.1.0-6) over (2.1.0-5.1+b1)…
Preparing to unpack …/094-libzix-0-0_0.8.2-1_amd64.deb…
Unpacking libzix-0-0:amd64 (0.8.2-1) over (0.8.0-1+b1)…
Preparing to unpack …/095-lrzsz_0.12.21rc-4_amd64.deb…
Unpacking lrzsz (0.12.21rc-4) over (0.12.21rc-1)…
Preparing to unpack …/096-minicom_2.11.1-2_amd64.deb…
Unpacking minicom (2.11.1-2) over (2.11.1-1)…
Preparing to unpack …/097-nginx_1.30.1-6_amd64.deb…
Unpacking nginx (1.30.1-6) over (1.30.1-5)…
Preparing to unpack …/098-nginx-common_1.30.1-6_all.deb…
Unpacking nginx-common (1.30.1-6) over (1.30.1-5)…
Preparing to unpack …/099-nodejs-doc_24.18.0+dfsg+~cs24.13.2-1_all.deb…
Unpacking nodejs-doc (24.18.0+dfsg+~cs24.13.2-1) over (24.17.0+dfsg+~cs24.13.2-1)…
Preparing to unpack …/100-openssh-client-gssapi_1%3a10.3p1-5_all.deb…
Unpacking openssh-client-gssapi (1:10.3p1-5) over (1:10.3p1-4)…
Preparing to unpack …/101-pipx_1.15.0-1_all.deb…
Unpacking pipx (1.15.0-1) over (1.14.1-1)…
Preparing to unpack …/102-postgresql-18-jit_18.4-1+b1_amd64.deb…
Unpacking postgresql-18-jit (18.4-1+b1) over (18.4-1)…
Preparing to unpack …/103-postgresql-18_18.4-1+b1_amd64.deb…
Unpacking postgresql-18 (18.4-1+b1) over (18.4-1)…
Preparing to unpack …/104-postgresql-client-18_18.4-1+b1_amd64.deb…
Unpacking postgresql-client-18 (18.4-1+b1) over (18.4-1)…
Preparing to unpack …/105-publicsuffix_20260624.0617-1_all.deb…
Unpacking publicsuffix (20260624.0617-1) over (20260428.1050-1)…
Preparing to unpack …/106-python3-idna_3.18-1_all.deb…
Unpacking python3-idna (3.18-1) over (3.11-1.1)…
Preparing to unpack …/107-python3-anyio_4.12.1-3_all.deb…
Unpacking python3-anyio (4.12.1-3) over (4.12.1-2)…
Preparing to unpack …/108-python3-arrow_1.4.0-3_all.deb…
Unpacking python3-arrow (1.4.0-3) over (1.4.0-2)…
Preparing to unpack …/109-python3-astroid_4.1.1-2_all.deb…
Unpacking python3-astroid (4.1.1-2) over (4.1.1-1)…
Preparing to unpack …/110-python3-caja_1.26.0-2+b1_amd64.deb…
Unpacking python3-caja (1.26.0-2+b1) over (1.26.0-2)…
Preparing to unpack …/111-python3-contourpy_1.3.3-2_amd64.deb…
Unpacking python3-contourpy (1.3.3-2) over (1.3.3-1+b1)…
Preparing to unpack …/112-system-config-printer_1.5.18-5_all.deb…
Unpacking system-config-printer (1.5.18-5) over (1.5.18-4)…
Preparing to unpack …/113-system-config-printer-common_1.5.18-5_all.deb…
Unpacking system-config-printer-common (1.5.18-5) over (1.5.18-4)…
Preparing to unpack …/114-python3-cupshelpers_1.5.18-5_all.deb…
Unpacking python3-cupshelpers (1.5.18-5) over (1.5.18-4)…
Preparing to unpack …/115-python3-docx_1.2.0+dfsg-4_all.deb…
Unpacking python3-docx (1.2.0+dfsg-4) over (1.2.0+dfsg-3)…
Preparing to unpack …/116-python3-h11_0.16.0-2_all.deb…
Unpacking python3-h11 (0.16.0-2) over (0.16.0-1)…
Preparing to unpack …/117-python3-webencodings_0.5.1-6_all.deb…
Unpacking python3-webencodings (0.5.1-6) over (0.5.1-5)…
Preparing to unpack …/118-python3-html5lib_1.2-4_all.deb…
Unpacking python3-html5lib (1.2-4) over (1.2-3)…
Preparing to unpack …/119-python3-httplib2_0.32.0-1_all.deb…
Unpacking python3-httplib2 (0.32.0-1) over (0.31.2-2)…
Preparing to unpack …/120-python3-isoduration_20.11.0+git20211126.ae0bd61-3_all.deb…
Unpacking python3-isoduration (20.11.0+git20211126.ae0bd61-3) over (20.11.0+git20211126.ae0bd61-2)…
Preparing to unpack …/121-python3-jinja2_3.1.6-3_all.deb…
Unpacking python3-jinja2 (3.1.6-3) over (3.1.6-2)…
Preparing to unpack …/122-python3-jwcrypto_1.5.6-1.1_all.deb…
Unpacking python3-jwcrypto (1.5.6-1.1) over (1.5.6-1)…
Preparing to unpack …/123-python3-kiwisolver_1.5.0-2_amd64.deb…
Unpacking python3-kiwisolver (1.5.0-2) over (1.5.0-1)…
Preparing to unpack …/124-python3-markdown_3.10.2-2_all.deb…
Unpacking python3-markdown (3.10.2-2) over (3.10.2-1)…
Preparing to unpack …/125-python3-markdown-it_4.2.0-3_all.deb…
Unpacking python3-markdown-it (4.2.0-3) over (4.2.0-2)…
Preparing to unpack …/126-python3-paramiko_4.0.0-3_all.deb…
Unpacking python3-paramiko (4.0.0-3) over (4.0.0-2)…
Preparing to unpack …/127-python3-passlib_1.9.3-2_all.deb…
Unpacking python3-passlib (1.9.3-2) over (1.9.3-1)…
Preparing to unpack …/128-python3-pexpect_4.9-5_all.deb…
Unpacking python3-pexpect (4.9-5) over (4.9-4)…
Preparing to unpack …/129-python3-pydantic-core_2.46.4-2_amd64.deb…
Unpacking python3-pydantic-core (2.46.4-2) over (2.46.4-1)…
Preparing to unpack …/130-python3-pydantic_2.13.4-3_amd64.deb…
Unpacking python3-pydantic (2.13.4-3) over (2.13.4-1)…
Preparing to unpack …/131-python3-pypdf_6.9.2-2_all.deb…
Unpacking python3-pypdf (6.9.2-2) over (6.9.2-1)…
Preparing to unpack …/132-python3-pyqt6_6.11.0-2+b1_amd64.deb…
Unpacking python3-pyqt6 (6.11.0-2+b1) over (6.11.0-2)…
Preparing to unpack …/133-python3-referencing_0.37.0+~2025.1.1-3_all.deb…
Unpacking python3-referencing (0.37.0+~2025.1.1-3) over (0.37.0+~2025.1.1-2)…
Preparing to unpack …/134-python3-requests_2.32.5+dfsg-2_all.deb…
Unpacking python3-requests (2.32.5+dfsg-2) over (2.32.5+dfsg-1)…
Preparing to unpack …/135-python3-routes_2.5.1-8_all.deb…
Unpacking python3-routes (2.5.1-8) over (2.5.1-7)…
Preparing to unpack …/136-python3-termcolor_2.4.0-3_all.deb…
Unpacking python3-termcolor (2.4.0-3) over (2.4.0-2)…
Preparing to unpack …/137-python3-tqdm_4.68.3-2_all.deb…
Unpacking python3-tqdm (4.68.3-2) over (4.68.3-1)…
Preparing to unpack …/138-python3-zope.interface_8.5-3_amd64.deb…
Unpacking python3-zope.interface (8.5-3) over (8.5-2)…
Preparing to unpack …/139-python3-twisted_26.4.0-3_all.deb…
Unpacking python3-twisted (26.4.0-3) over (26.4.0-2)…
Preparing to unpack …/140-python3-typeguard_4.4.4-3_all.deb…
Unpacking python3-typeguard (4.4.4-3) over (4.4.4-2)…
Preparing to unpack …/141-python3-typeshed_0.0~git20260204.516eed0-2_all.deb…
Unpacking python3-typeshed (0.0~git20260204.516eed0-2) over (0.0~git20260204.516eed0-1)…
Preparing to unpack …/142-python3-ufolib2_0.18.1+dfsg1-2_all.deb…
Unpacking python3-ufolib2 (0.18.1+dfsg1-2) over (0.18.1+dfsg1-1)…
Preparing to unpack …/143-python3-wadllib_2.0.0-4_all.deb…
Unpacking python3-wadllib (2.0.0-4) over (2.0.0-3)…
Preparing to unpack …/144-python3-webob_1%3a1.8.9-2_all.deb…
Unpacking python3-webob (1:1.8.9-2) over (1:1.8.9-1)…
Preparing to unpack …/145-python3-websocket_1.9.0-4_all.deb…
Unpacking python3-websocket (1.9.0-4) over (1.9.0-3)…
Preparing to unpack …/146-python3-zc.lockfile_4.0-3_all.deb…
Unpacking python3-zc.lockfile (4.0-3) over (4.0-2)…
Preparing to unpack …/147-ruby-concurrent_1.3.7-4_all.deb…
Unpacking ruby-concurrent (1.3.7-4) over (1.3.6-1)…
Preparing to unpack …/148-ruby-levenshtein_0.2.2-4_amd64.deb…
Unpacking ruby-levenshtein (0.2.2-4) over (0.2.2-3+b5)…
Preparing to unpack …/149-ruby-little-plugger_1.1.4-3_all.deb…
Unpacking ruby-little-plugger (1.1.4-3) over (1.1.4-2)…
Preparing to unpack …/150-ruby-net-http-digest-auth_1.4.1-2_all.deb…
Unpacking ruby-net-http-digest-auth (1.4.1-2) over (1.4.1-1)…
Preparing to unpack …/151-ruby-nokogiri_1.19.4+dfsg-1_amd64.deb…
Unpacking ruby-nokogiri (1.19.4+dfsg-1) over (1.19.1+dfsg-1)…
Preparing to unpack …/152-ruby-oj_3.17.3-1_amd64.deb…
Unpacking ruby-oj:amd64 (3.17.3-1) over (3.17.1-1)…
Preparing to unpack …/153-ruby-yajl_1.4.3-2_amd64.deb…
Unpacking ruby-yajl (1.4.3-2) over (1.4.3-1+b5)…
Preparing to unpack …/154-socat_1.8.1.3-2_amd64.deb…
Unpacking socat (1.8.1.3-2) over (1.8.1.1-2)…
Preparing to unpack …/155-system-config-printer-udev_1.5.18-5_amd64.deb…
Unpacking system-config-printer-udev (1.5.18-5) over (1.5.18-4)…
Preparing to unpack …/156-tcl9.0_9.0.4+dfsg-1_amd64.deb…
Unpacking tcl9.0 (9.0.4+dfsg-1) over (9.0.3+dfsg-1+b1)…
Preparing to unpack …/157-usb.ids_2026.06.26-1_all.deb…
Unpacking usb.ids (2026.06.26-1) over (2025.12.13-1)…
Preparing to unpack …/158-vim_2%3a9.2.0524-1+b1_amd64.deb…
Unpacking vim (2:9.2.0524-1+b1) over (2:9.2.0524-1)…
Preparing to unpack …/159-xxd_2%3a9.2.0524-1+b1_amd64.deb…
Unpacking xxd (2:9.2.0524-1+b1) over (2:9.2.0524-1)…
Setting up libchromaprint1:amd64 (1.6.0-3)…
Setting up python3-termcolor (2.4.0-3)…
Setting up fonts-font-awesome-legacy (6-3)…
Setting up libibverbs1:amd64 (63.0-1.1+b2)…
Setting up systemd-sysv (261.1-2)…
Setting up libudfread3:amd64 (1.2.0-3)…
Setting up vim (2:9.2.0524-1+b1)…
Setting up python3-pydantic-core (2.46.4-2)…
Setting up liblerc4:amd64 (4.1.0+ds-2)…
Setting up python3-arrow (1.4.0-3)…
Setting up ruby-nokogiri (1.19.4+dfsg-1)…
Setting up libnode137:amd64 (24.18.0+dfsg+~cs24.13.2-1)…
Setting up python3-passlib (1.9.3-2)…
Setting up python3-docx (1.2.0+dfsg-4)…
Setting up python3-pyqt6 (6.11.0-2+b1)…
Setting up ibverbs-providers:amd64 (63.0-1.1+b2)…
Setting up libenchant-2-2:amd64 (2.8.16+dfsg-4)…
Setting up libwireplumber-0.5-0:amd64 (0.5.15-1)…
Setting up ruby-net-http-digest-auth (1.4.1-2)…
Setting up python3-zope.interface (8.5-3)…
Setting up libzix-0-0:amd64 (0.8.2-1)…
Setting up ruby-levenshtein (0.2.2-4)…
Setting up openssh-client (1:10.3p1-5)…
Setting up libxmlb2:amd64 (0.3.28-1)…
Setting up libkf6dbusaddons-bin (6.26.0-1)…
Setting up python3-tqdm (4.68.3-2)…
Setting up libpango-1.0-0:amd64 (1.58.0-1)…
Setting up python3-typeguard (4.4.4-3)…
Setting up libyajl2:amd64 (2.1.0-6)…
Setting up libpq5:amd64 (18.4-1+b1)…
Setting up libgupnp-1.6-0:amd64 (1.6.10-1)…
Setting up nginx-common (1.30.1-6)…
Setting up python3-isoduration (20.11.0+git20211126.ae0bd61-3)…
Setting up 7zip (26.02+dfsg-1)…
Setting up vim-tiny (2:9.2.0524-1+b1)…
Setting up ruby-concurrent (1.3.7-4)…
Setting up pipx (1.15.0-1)…
Setting up nodejs (24.18.0+dfsg+~cs24.13.2-1)…
Setting up python3-caja (1.26.0-2+b1)…
Setting up libtcl9.0:amd64 (9.0.4+dfsg-1)…
Setting up python3-webencodings (0.5.1-6)…
Setting up ruby-oj:amd64 (3.17.3-1)…
Setting up xxd (2:9.2.0524-1+b1)…
Setting up libjansson4:amd64 (2.15.0-1)…
Setting up acl (2.4.0-1)…
Setting up python3-cupshelpers (1.5.18-5)…
Setting up librist4:amd64 (0.2.18+dfsg-1)…
Setting up python3-routes (2.5.1-8)…
Setting up libbytes-random-secure-perl (0.29-4)…
Setting up libglibmm-2.4-1t64:amd64 (2.66.9-1)…
Setting up libasound2-data (1.2.16.1-1)…
Setting up python3-jinja2 (3.1.6-3)…
Setting up libasound2t64:amd64 (1.2.16.1-1)…
Setting up libass9:amd64 (1:0.17.5-1)…
Setting up systemd-cryptsetup (261.1-2)…
Setting up openssh-client-gssapi (1:10.3p1-5)…
Setting up libnss-mymachines:amd64 (261.1-2)…
Setting up python3-typeshed (0.0~git20260204.516eed0-2)…
Setting up gnupg-l10n (2.4.9-5)…
Setting up python3-pexpect (4.9-5)…
Setting up libjsoncpp26:amd64 (1.9.8-1)…
Setting up socat (1.8.1.3-2)…
Setting up libatspi2.0-0t64:amd64 (2.61.0-1)…
Setting up enchant (2.8.16+dfsg-4)…
Setting up python3-wadllib (2.0.0-4)…
Setting up python3-pydantic (2.13.4-3)…
Setting up python3-kiwisolver (1.5.0-2)…
Setting up systemd-timesyncd (261.1-2)…
systemd-time-wait-sync.service is a disabled or a static unit not running, not starting it.
Setting up udev (261.1-2)…
Setting up python3-idna (3.18-1)…
Setting up python3-markdown (3.10.2-2)…
Setting up python3-ufolib2 (0.18.1+dfsg1-2)…
Setting up python3-h11 (0.16.0-2)…
Setting up usb.ids (2026.06.26-1)…
Setting up dhcpcd-base (1:10.3.2-4)…
Setting up ucf (3.0056)…
Setting up python3-jwcrypto (1.5.6-1.1)…
Setting up python3-pypdf (6.9.2-2)…
Setting up python3-html5lib (1.2-4)…
Setting up wireplumber (0.5.15-1)…
Setting up nodejs-doc (24.18.0+dfsg+~cs24.13.2-1)…
Setting up python3-markdown-it (4.2.0-3)…
Setting up minicom (2.11.1-2)…
Setting up python3-zc.lockfile (4.0-3)…
Setting up systemd-container (261.1-2)…
Setting up ruby-little-plugger (1.1.4-3)…
Setting up ieee-data (20260625)…
Setting up ayatana-indicator-application (26.6.0-2)…
Setting up python3-astroid (4.1.1-2)…
Setting up at-spi2-common (2.61.0-1)…
Setting up gpgv (2.4.9-5)…
Setting up libwavpack1:amd64 (5.9.0-2)…
Setting up gpgconf (2.4.9-5)…
Setting up python3-httplib2 (0.32.0-1)…
Setting up libpam-systemd:amd64 (261.1-2)…
Setting up libzimg2:amd64 (3.0.6+ds1-2)…
Setting up librdmacm1t64:amd64 (63.0-1.1+b2)…
Setting up python3-contourpy (1.3.3-2)…
Setting up libx265-216:amd64 (4.2-2)…
Setting up libpeas-1.0-1:amd64 (1.38.1-6+b1)…
Setting up libkf6dbusaddons-data (6.26.0-1)…
Setting up ruby-yajl (1.4.3-2)…
Setting up libpangoft2-1.0-0:amd64 (1.58.0-1)…
Setting up python3-paramiko (4.0.0-3)…
Setting up libde265-0:amd64 (1.1.1-1)…
Setting up lrzsz (0.12.21rc-4)…
Setting up libdrm-common (2.4.134-2)…
Setting up libjson-c5:amd64 (0.19+ds-1)…
Setting up publicsuffix (20260624.0617-1)…
Setting up fonts-font-awesome (7.3.0+dfsg-1)…
Setting up python3-websocket (1.9.0-4)…
Setting up gpg (2.4.9-5)…
Setting up libpangocairo-1.0-0:amd64 (1.58.0-1)…
Setting up gnupg-utils (2.4.9-5)…
Setting up python3-webob (1:1.8.9-2)…
Setting up libkf6dbusaddons6:amd64 (6.26.0-1)…
Setting up python3-referencing (0.37.0+~2025.1.1-3)…
Setting up libatopology2t64:amd64 (1.2.16.1-1)…
Setting up openssh-sftp-server (1:10.3p1-5)…
Setting up gir1.2-xmlb-2.0:amd64 (0.3.28-1)…
Setting up gpg-agent (2.4.9-5)…
Setting up libatk1.0-0t64:amd64 (2.61.0-1)…
Setting up libpangoxft-1.0-0:amd64 (1.58.0-1)…
Setting up openssh-server (1:10.3p1-5)…
ssh.socket is a disabled or a static unit not running, not starting it.
Setting up postgresql-client-18 (18.4-1+b1)…
Setting up firefox (152.0.4-1)…
Setting up python3-anyio (4.12.1-3)…
Setting up nginx (1.30.1-6)…
[0;1;31mJob for nginx.service failed because the control process exited with error code.[0m
[0;1;31mSee "systemctl status nginx.service" and "journalctl -xeu nginx.service" for details.[0m
invoke-rc.d: initscript nginx, action "start" failed.
[0;1;31m×[0m nginx.service - A high performance web server and a reverse proxy server
     Loaded: loaded (]8;;file://debian/usr/lib/systemd/system/nginx.service\/usr/lib/systemd/system/nginx.service]8;;\; [0;1;32menabled[0m; preset: [0;1;32menabled[0m)
     Active: [0;1;31mfailed[0m (Result: exit-code) since Fri 2026-07-03 00:05:45 CDT; 10ms ago
 Invocation: f5a2c9b9834a4bc58d9d4dc461921dcc
       Docs: ]8;;man:nginx(8)\man:nginx(8)]8;;\
    Process: 2392526 ExecStartPre=/usr/sbin/nginx -t -q -g daemon on; master_process on; (code=exited, status=0/SUCCESS)
    Process: 2392528 ExecStart=/usr/sbin/nginx -g daemon on; master_process on; [0;1;31m(code=exited, status=1/FAILURE)[0m
   Mem peak: 2.2M
        CPU: 22ms

Jul 03 00:05:43 debian nginx[2392528]: nginx: [emerg] bind() to 0.0.0.0:80 failed (98: Address already in use)
Jul 03 00:05:43 debian nginx[2392528]: nginx: [emerg] bind() to [::]:80 failed (98: Address already in use)
Jul 03 00:05:44 debian nginx[2392528]: nginx: [emerg] bind() to 0.0.0.0:80 failed (98: Address already in use)
Jul 03 00:05:44 debian nginx[2392528]: nginx: [emerg] bind() to [::]:80 failed (98: Address already in use)
Jul 03 00:05:44 debian nginx[2392528]: nginx: [emerg] bind() to 0.0.0.0:80 failed (98: Address already in use)
Jul 03 00:05:44 debian nginx[2392528]: nginx: [emerg] bind() to [::]:80 failed (98: Address already in use)
Jul 03 00:05:45 debian nginx[2392528]: nginx: [emerg] still could not bind()
Jul 03 00:05:45 debian systemd[1]: [0;1;39m[0;1;31m[0;1;39mnginx.service: Control process exited, code=exited, status=1/FAILURE[0m
Jul 03 00:05:45 debian systemd[1]: [0;1;38:5:185m[0;1;39m[0;1;38:5:185mnginx.service: Failed with result 'exit-code'.[0m
Jul 03 00:05:45 debian systemd[1]: [0;1;31m[0;1;39m[0;1;31mFailed to start nginx.service - A high performance web server and a reverse proxy server.[0m
Failed to start NGINX in postinst script, please check the logs
Setting up gir1.2-atk-1.0:amd64 (2.61.0-1)…
Setting up gpgsm (2.4.9-5)…
Setting up postgresql-18 (18.4-1+b1)…
Setting up system-config-printer-udev (1.5.18-5)…
Setting up tcl9.0 (9.0.4+dfsg-1)…
Setting up postgresql-18-jit (18.4-1+b1)…
Setting up gir1.2-atspi-2.0:amd64 (2.61.0-1)…
Setting up gir1.2-peas-1.0:amd64 (1.38.1-6+b1)…
Setting up dirmngr (2.4.9-5)…
Setting up gir1.2-pango-1.0:amd64 (1.58.0-1)…
Setting up python3-twisted (26.4.0-3)…
Setting up python3-requests (2.32.5+dfsg-2)…
Setting up libdrm2:amd64 (2.4.134-2)…
Setting up at-spi2-core (2.61.0-1)…
Setting up gnupg (2.4.9-5)…
Setting up libdrm-amdgpu1:amd64 (2.4.134-2)…
Setting up libatk-bridge2.0-0t64:amd64 (2.61.0-1)…
Setting up gnupg2 (2.4.9-5)…
Setting up system-config-printer-common (1.5.18-5)…
Setting up libdrm-nouveau2:amd64 (2.4.134-2)…
Setting up gpg-wks-client (2.4.9-5)…
Setting up libavutil60:amd64 (7:8.1.2-2+b1)…
Setting up libdrm-radeon1:amd64 (2.4.134-2)…
Setting up libdrm-intel1:amd64 (2.4.134-2)…
Setting up libgstreamer-plugins-bad1.0-0:amd64 (1.28.4-1+b1)…
Setting up system-config-printer (1.5.18-5)…
Setting up libswscale9:amd64 (7:8.1.2-2+b1)…
Setting up gstreamer1.0-plugins-bad:amd64 (1.28.4-1+b1)…
Setting up libswresample6:amd64 (7:8.1.2-2+b1)…
Setting up libavcodec62:amd64 (7:8.1.2-2+b1)…
Setting up libavformat62:amd64 (7:8.1.2-2+b1)…
Setting up libavfilter11:amd64 (7:8.1.2-2+b1)…
Setting up libheif-plugin-libde265:amd64 (1.21.2-4+b1)…
Setting up libheif-plugin-dav1d:amd64 (1.21.2-4+b1)…
Setting up libheif1:amd64 (1.21.2-4+b1)…
Setting up glycin-loaders (2.1.5+ds-2)…
Setting up libglycin-2-0:amd64 (2.1.5+ds-2)…
Setting up libheif-plugin-aomenc:amd64 (1.21.2-4+b1)…
Setting up glycin-thumbnailers (2.1.5+ds-2)…
Processing triggers for dbus (1.16.2-5+b1)…
Processing triggers for shared-mime-info (2.4-5+b3)…
Processing triggers for postgresql-common (292)…
Building PostgreSQL dictionaries from installed myspell/hunspell packages...
  en_us
Removing obsolete dictionary files:
Processing triggers for procps (2:4.0.4-9+b2)…
Processing triggers for mailcap (3.77)…
Processing triggers for fontconfig (2.17.1-5)…
Processing triggers for bamfdaemon (0.5.6+repack-1.1+b3)…
Rebuilding /usr/share/applications/bamf-2.index...
Processing triggers for desktop-file-utils (0.28-1)…
Processing triggers for initramfs-tools (0.151)…
update-initramfs: Generating /boot/initrd.img-7.0.13+deb14-amd64
live-boot: core filesystems dm-verity devices utils memdisk udev blockdev dns.
Processing triggers for hicolor-icon-theme (0.18-2)…
Processing triggers for doc-base (0.11.2)…
Processing 4 changed doc-base files...
Processing triggers for mate-menus (1.26.1-2)…
Processing triggers for libc-bin (2.42-17)…
Processing triggers for ufw (0.36.2-9)…
Processing triggers for man-db (2.13.1-1)…

[1;36m==>[0m [1;33mNow running apt autopurge and autoclean[0m

Reading package lists...
Building dependency tree...
Reading state information...
Solving dependencies...
Summary:
  Upgrading: 0, Installing: 0, Removing: 0, Not Upgrading: 10
Reading package lists...
Building dependency tree...
Reading state information...

[1;36m==>[0m [1;33mRemoving apt config files[0m

Reading package lists...
Building dependency tree...
Reading state information...
Solving dependencies...
Summary:
  Upgrading: 0, Installing: 0, Removing: 0, Not Upgrading: 10
Reading package lists...
Building dependency tree...
Reading state information...

[1;36m==>[0m [1;33mRemoving snap packs leftovers, if installed[0m

No snaps are installed yet. Try 'snap install hello-world'.

[1;36m==>[0m [1;33mRemoving flatpak files, if installed[0m

Nothing unused to uninstall
Working on the system installation at /var/lib/flatpak
Checking remotes...
Pruning objects

[1;36m==>[0m [1;33mRemoving leftover files from .cache, .local, etc.[0m


[1;36m==>[0m [1;33mRemoving system journals, logs, caches and archives[0m

Vacuuming done, freed 0B of archived journals from /var/log/journal.
Vacuuming done, freed 0B of archived journals from /run/log/journal.
Deleted archived journal /var/log/journal/9994b1932c55405f9cca28251dec07ea/user-1000@fff4fea705f84c258188048ee82e10ff-00000000001f541e-0006512357906c8a.journal (4.7M).
Deleted archived journal /var/log/journal/9994b1932c55405f9cca28251dec07ea/system@fff4fea705f84c258188048ee82e10ff-000000000021dc4e-0006534c0380ecf3.journal (45.3M).
Deleted archived journal /var/log/journal/9994b1932c55405f9cca28251dec07ea/system@fff4fea705f84c258188048ee82e10ff-0000000000234851-0006548b756674d4.journal (45.8M).
Vacuuming done, freed 95.8M of archived journals from /var/log/journal/9994b1932c55405f9cca28251dec07ea.
Vacuuming done, freed 0B of archived journals from /var/log/journal.
Vacuuming done, freed 0B of archived journals from /var/log/journal/9994b1932c55405f9cca28251dec07ea.
Vacuuming done, freed 0B of archived journals from /run/log/journal.
Reading package lists...
Building dependency tree...
Reading state information...
Solving dependencies...
Summary:
  Upgrading: 0, Installing: 0, Removing: 0, Not Upgrading: 10



[1;36m==>[0m [1;33m=== Space reclaimed ===[0m

Filesystem      Size  Used Avail Use% Mounted on
/dev/sda3       196G   28G  159G  15% /
4.0K	/home/msifland/.cache


[1;36m==>[0m [1;33mDone. Reboot recommended.[0m

