[sudo] password for msifland: 
Checking dependencies. . .

clamav found.
Would you like to update virus definitions first(sudo freshclam)[y/n]? [1;38;5;17m
Ok, not updating virus definitions now. . .
[0m
[1;38;5;17m
Removing old build logs. . .

[0m
[1;38;5;17m
Start Time:
Date: 07-13-26
Time: 02:15:16 AM

Scanning: 
/


Excluding:
/home/msifland/roms
/home/msifland/.local/share/Trash
/home/msifland/Modules-Apps
/home/msifland/infections
/home/msifland/GarminExpress
/home/msifland/openwrt
/home/msifland/tmp/Variety_Images
/home/msifland/.wine
/root/.local/share/Trash
/media
/sys
/dev
/proc
/usr/share/exploitdb
/usr/share/webshells
/usr/share/nishang
/usr/share/seclists
/usr/share/beef-xss
/usr/share/davtest
/usr/share/sqlninja
/usr/share/windows-resources
/usr/share/commix
/usr/share/set/src
/usr/share/veil
/usr/share/isr-evilgrade
/usr/share/bettercap
/usr/share/powershell-empire
/usr/share/peass
/usr/bin/cymothoa
/usr/lib/passing-the-hash
/etc/unicornscan/payloads.conf
*metasploit-framework.*


Running clamscan to scan for viruses. . .


----------- SCAN SUMMARY -----------
Known viruses: 3627896
Engine version: 1.4.4
Scanned directories: 70613
Scanned files: 493436
Infected files: 0
Total errors: 277
Data scanned: 45492.69 MB
Data read: 53758.63 MB (ratio 0.85:1)
Time: 14313.835 sec (238 m 33 s)
Start Date: 2026:07:13 02:15:24
End Date:   2026:07:13 06:13:58


End Time:
Date: 07-13-26
Time: 06:13:58 AM
It took 3 hours 58 minutes 42 seconds to scan your system.


[1;38;5;17m
You can edit included and excluded files and folders by typing edit-virus-clamscan

[0m
